0 info it worked if it ends with ok
1 verbose cli [ '/usr/local/bin/node', '/usr/local/bin/npm', 'install' ]
2 info using npm@3.6.0
3 info using node@v5.6.0
4 silly loadCurrentTree Starting
5 silly install loadCurrentTree
6 silly install readLocalPackageData
7 silly install normalizeTree
8 silly loadCurrentTree Finishing
9 silly loadIdealTree Starting
10 silly install loadIdealTree
11 silly cloneCurrentTree Starting
12 silly install cloneCurrentTreeToIdealTree
13 silly cloneCurrentTree Finishing
14 silly loadShrinkwrap Starting
15 silly install loadShrinkwrap
16 silly loadShrinkwrap Finishing
17 silly loadAllDepsIntoIdealTree Starting
18 silly install loadAllDepsIntoIdealTree
19 silly loadAllDepsIntoIdealTree Finishing
20 silly idealTree:prePrune Thrones@0.0.0
20 silly idealTree:prePrune ├── abbrev@1.0.7
20 silly idealTree:prePrune ├── accepts@1.2.13
20 silly idealTree:prePrune ├── align-text@0.1.4
20 silly idealTree:prePrune ├── alphanum-sort@1.0.2
20 silly idealTree:prePrune ├── amdefine@1.0.0
20 silly idealTree:prePrune ├── ansi-regex@2.0.0
20 silly idealTree:prePrune ├── ansi-styles@2.2.1
20 silly idealTree:prePrune ├── ansi@0.3.1
20 silly idealTree:prePrune ├── anymatch@1.3.0
20 silly idealTree:prePrune ├── are-we-there-yet@1.1.2
20 silly idealTree:prePrune ├── argparse@1.0.7
20 silly idealTree:prePrune ├── arr-diff@2.0.0
20 silly idealTree:prePrune ├── arr-flatten@1.0.1
20 silly idealTree:prePrune ├── array-find-index@1.0.1
20 silly idealTree:prePrune ├── array-flatten@1.1.1
20 silly idealTree:prePrune ├── array-index@1.0.0
20 silly idealTree:prePrune ├── array-unique@0.2.1
20 silly idealTree:prePrune ├── arrify@1.0.1
20 silly idealTree:prePrune ├── art-template@3.0.3
20 silly idealTree:prePrune ├── asn1@0.2.3
20 silly idealTree:prePrune ├── assert-plus@0.2.0
20 silly idealTree:prePrune ├── assert@1.3.0
20 silly idealTree:prePrune ├── async-each@1.0.0
20 silly idealTree:prePrune ├── async-foreach@0.1.3
20 silly idealTree:prePrune ├── async@1.5.2
20 silly idealTree:prePrune ├── autoprefixer@6.3.6
20 silly idealTree:prePrune ├── aws-sign2@0.6.0
20 silly idealTree:prePrune ├── aws4@1.3.2
20 silly idealTree:prePrune ├── balanced-match@0.1.0
20 silly idealTree:prePrune ├── base64-js@0.0.8
20 silly idealTree:prePrune ├── Base64@0.2.1
20 silly idealTree:prePrune ├── basic-auth@1.0.3
20 silly idealTree:prePrune ├── batch@0.5.3
20 silly idealTree:prePrune ├── big.js@3.1.3
20 silly idealTree:prePrune ├── bignumber.js@2.1.4
20 silly idealTree:prePrune ├── binary-extensions@1.4.0
20 silly idealTree:prePrune ├── bl@1.1.2
20 silly idealTree:prePrune ├── block-stream@0.0.8
20 silly idealTree:prePrune ├── body-parser@1.13.3
20 silly idealTree:prePrune ├── boom@2.10.1
20 silly idealTree:prePrune ├─┬ brace-expansion@1.1.3
20 silly idealTree:prePrune │ └── balanced-match@0.3.0
20 silly idealTree:prePrune ├── braces@1.8.3
20 silly idealTree:prePrune ├── browserify-zlib@0.1.4
20 silly idealTree:prePrune ├── browserslist@1.3.1
20 silly idealTree:prePrune ├── buffer@3.6.0
20 silly idealTree:prePrune ├── builtin-modules@1.1.1
20 silly idealTree:prePrune ├── bytes@2.1.0
20 silly idealTree:prePrune ├── camelcase-keys@2.1.0
20 silly idealTree:prePrune ├── camelcase@2.1.1
20 silly idealTree:prePrune ├── caniuse-db@1.0.30000449
20 silly idealTree:prePrune ├── caseless@0.11.0
20 silly idealTree:prePrune ├── center-align@0.1.3
20 silly idealTree:prePrune ├─┬ chalk@1.1.1
20 silly idealTree:prePrune │ └── supports-color@2.0.0
20 silly idealTree:prePrune ├── chokidar@1.4.3
20 silly idealTree:prePrune ├── clap@1.1.0
20 silly idealTree:prePrune ├── cliui@3.1.2
20 silly idealTree:prePrune ├── clone@1.0.2
20 silly idealTree:prePrune ├── coa@1.0.1
20 silly idealTree:prePrune ├── code-point-at@1.0.0
20 silly idealTree:prePrune ├── color-convert@0.5.3
20 silly idealTree:prePrune ├── color-name@1.1.1
20 silly idealTree:prePrune ├── color-string@0.3.0
20 silly idealTree:prePrune ├── color@0.11.1
20 silly idealTree:prePrune ├── colormin@1.1.0
20 silly idealTree:prePrune ├── colors@1.1.2
20 silly idealTree:prePrune ├── combined-stream@1.0.5
20 silly idealTree:prePrune ├── commander@2.9.0
20 silly idealTree:prePrune ├── compressible@2.0.7
20 silly idealTree:prePrune ├─┬ compression@1.6.1
20 silly idealTree:prePrune │ ├── accepts@1.3.2
20 silly idealTree:prePrune │ ├── bytes@2.2.0
20 silly idealTree:prePrune │ ├── negotiator@0.6.0
20 silly idealTree:prePrune │ └── vary@1.1.0
20 silly idealTree:prePrune ├── concat-map@0.0.1
20 silly idealTree:prePrune ├── concat-stream@1.5.1
20 silly idealTree:prePrune ├── config-chain@1.1.10
20 silly idealTree:prePrune ├── connect-history-api-fallback@1.1.0
20 silly idealTree:prePrune ├── console-browserify@1.1.0
20 silly idealTree:prePrune ├── constants-browserify@0.0.1
20 silly idealTree:prePrune ├── content-disposition@0.5.1
20 silly idealTree:prePrune ├── content-type@1.0.1
20 silly idealTree:prePrune ├── cookie-parser@1.3.5
20 silly idealTree:prePrune ├── cookie-signature@1.0.6
20 silly idealTree:prePrune ├── cookie@0.1.3
20 silly idealTree:prePrune ├── core-util-is@1.0.2
20 silly idealTree:prePrune ├── cross-spawn-async@2.2.1
20 silly idealTree:prePrune ├── cross-spawn@2.2.0
20 silly idealTree:prePrune ├── cryptiles@2.0.5
20 silly idealTree:prePrune ├── crypto-browserify@3.2.8
20 silly idealTree:prePrune ├── css-color-names@0.0.3
20 silly idealTree:prePrune ├── css-loader@0.23.1
20 silly idealTree:prePrune ├── css-selector-tokenizer@0.5.4
20 silly idealTree:prePrune ├── cssesc@0.1.0
20 silly idealTree:prePrune ├── cssnano@3.5.2
20 silly idealTree:prePrune ├── csso@1.8.1
20 silly idealTree:prePrune ├── d@0.1.1
20 silly idealTree:prePrune ├─┬ dashdash@1.13.0
20 silly idealTree:prePrune │ └── assert-plus@1.0.0
20 silly idealTree:prePrune ├── date-now@0.1.4
20 silly idealTree:prePrune ├── debug@2.2.0
20 silly idealTree:prePrune ├── decamelize@1.2.0
20 silly idealTree:prePrune ├── defined@1.0.0
20 silly idealTree:prePrune ├── delayed-stream@1.0.0
20 silly idealTree:prePrune ├── delegates@1.0.0
20 silly idealTree:prePrune ├── depd@1.0.1
20 silly idealTree:prePrune ├── destroy@1.0.4
20 silly idealTree:prePrune ├── domain-browser@1.1.7
20 silly idealTree:prePrune ├── ecc-jsbn@0.1.1
20 silly idealTree:prePrune ├── ee-first@1.1.1
20 silly idealTree:prePrune ├── enforce@0.1.6
20 silly idealTree:prePrune ├─┬ enhanced-resolve@0.9.1
20 silly idealTree:prePrune │ ├── graceful-fs@4.1.3
20 silly idealTree:prePrune │ └── memory-fs@0.2.0
20 silly idealTree:prePrune ├── errno@0.1.4
20 silly idealTree:prePrune ├── error-ex@1.3.0
20 silly idealTree:prePrune ├── es5-ext@0.10.11
20 silly idealTree:prePrune ├── es6-iterator@2.0.0
20 silly idealTree:prePrune ├── es6-symbol@3.0.2
20 silly idealTree:prePrune ├── escape-html@1.0.3
20 silly idealTree:prePrune ├── escape-string-regexp@1.0.5
20 silly idealTree:prePrune ├── esprima@2.7.2
20 silly idealTree:prePrune ├── etag@1.7.0
20 silly idealTree:prePrune ├── eventemitter3@1.2.0
20 silly idealTree:prePrune ├── events@1.1.0
20 silly idealTree:prePrune ├── eventsource@0.1.6
20 silly idealTree:prePrune ├── expand-brackets@0.1.5
20 silly idealTree:prePrune ├── expand-range@1.8.1
20 silly idealTree:prePrune ├─┬ express@4.13.4
20 silly idealTree:prePrune │ ├── cookie@0.1.5
20 silly idealTree:prePrune │ └── depd@1.1.0
20 silly idealTree:prePrune ├── extend@3.0.0
20 silly idealTree:prePrune ├── extglob@0.3.2
20 silly idealTree:prePrune ├── extsprintf@1.0.2
20 silly idealTree:prePrune ├── fastparse@1.1.1
20 silly idealTree:prePrune ├── faye-websocket@0.10.0
20 silly idealTree:prePrune ├── filename-regex@2.0.0
20 silly idealTree:prePrune ├── fill-range@2.2.3
20 silly idealTree:prePrune ├── finalhandler@0.4.1
20 silly idealTree:prePrune ├── find-up@1.1.2
20 silly idealTree:prePrune ├── flatten@1.0.2
20 silly idealTree:prePrune ├── for-in@0.1.5
20 silly idealTree:prePrune ├── for-own@0.1.4
20 silly idealTree:prePrune ├── forever-agent@0.6.1
20 silly idealTree:prePrune ├── form-data@1.0.0-rc4
20 silly idealTree:prePrune ├── forwarded@0.1.0
20 silly idealTree:prePrune ├── fresh@0.3.0
20 silly idealTree:prePrune ├─┬ fsevents@1.0.11
20 silly idealTree:prePrune │ ├── ansi-regex@2.0.0
20 silly idealTree:prePrune │ ├── ansi-styles@2.2.1
20 silly idealTree:prePrune │ ├── ansi@0.3.1
20 silly idealTree:prePrune │ ├── are-we-there-yet@1.1.2
20 silly idealTree:prePrune │ ├── asn1@0.2.3
20 silly idealTree:prePrune │ ├── assert-plus@0.2.0
20 silly idealTree:prePrune │ ├── async@1.5.2
20 silly idealTree:prePrune │ ├── aws-sign2@0.6.0
20 silly idealTree:prePrune │ ├─┬ aws4@1.3.2
20 silly idealTree:prePrune │ │ └─┬ lru-cache@4.0.1
20 silly idealTree:prePrune │ │   ├── pseudomap@1.0.2
20 silly idealTree:prePrune │ │   └── yallist@2.0.0
20 silly idealTree:prePrune │ ├── bl@1.0.3
20 silly idealTree:prePrune │ ├── block-stream@0.0.8
20 silly idealTree:prePrune │ ├── boom@2.10.1
20 silly idealTree:prePrune │ ├── caseless@0.11.0
20 silly idealTree:prePrune │ ├── chalk@1.1.3
20 silly idealTree:prePrune │ ├── combined-stream@1.0.5
20 silly idealTree:prePrune │ ├── commander@2.9.0
20 silly idealTree:prePrune │ ├── core-util-is@1.0.2
20 silly idealTree:prePrune │ ├── cryptiles@2.0.5
20 silly idealTree:prePrune │ ├─┬ dashdash@1.13.0
20 silly idealTree:prePrune │ │ └── assert-plus@1.0.0
20 silly idealTree:prePrune │ ├── debug@2.2.0
20 silly idealTree:prePrune │ ├── deep-extend@0.4.1
20 silly idealTree:prePrune │ ├── delayed-stream@1.0.0
20 silly idealTree:prePrune │ ├── delegates@1.0.0
20 silly idealTree:prePrune │ ├── ecc-jsbn@0.1.1
20 silly idealTree:prePrune │ ├── escape-string-regexp@1.0.5
20 silly idealTree:prePrune │ ├── extend@3.0.0
20 silly idealTree:prePrune │ ├── extsprintf@1.0.2
20 silly idealTree:prePrune │ ├── forever-agent@0.6.1
20 silly idealTree:prePrune │ ├── form-data@1.0.0-rc4
20 silly idealTree:prePrune │ ├─┬ fstream-ignore@1.0.3
20 silly idealTree:prePrune │ │ └─┬ minimatch@3.0.0
20 silly idealTree:prePrune │ │   └─┬ brace-expansion@1.1.3
20 silly idealTree:prePrune │ │     ├── balanced-match@0.3.0
20 silly idealTree:prePrune │ │     └── concat-map@0.0.1
20 silly idealTree:prePrune │ ├── fstream@1.0.8
20 silly idealTree:prePrune │ ├── gauge@1.2.7
20 silly idealTree:prePrune │ ├── generate-function@2.0.0
20 silly idealTree:prePrune │ ├── generate-object-property@1.2.0
20 silly idealTree:prePrune │ ├── graceful-fs@4.1.3
20 silly idealTree:prePrune │ ├── graceful-readlink@1.0.1
20 silly idealTree:prePrune │ ├── har-validator@2.0.6
20 silly idealTree:prePrune │ ├── has-ansi@2.0.0
20 silly idealTree:prePrune │ ├── has-unicode@2.0.0
20 silly idealTree:prePrune │ ├── hawk@3.1.3
20 silly idealTree:prePrune │ ├── hoek@2.16.3
20 silly idealTree:prePrune │ ├── http-signature@1.1.1
20 silly idealTree:prePrune │ ├── inherits@2.0.1
20 silly idealTree:prePrune │ ├── ini@1.3.4
20 silly idealTree:prePrune │ ├── is-my-json-valid@2.13.1
20 silly idealTree:prePrune │ ├── is-property@1.0.2
20 silly idealTree:prePrune │ ├── is-typedarray@1.0.0
20 silly idealTree:prePrune │ ├── isarray@1.0.0
20 silly idealTree:prePrune │ ├── isstream@0.1.2
20 silly idealTree:prePrune │ ├── jodid25519@1.0.2
20 silly idealTree:prePrune │ ├── jsbn@0.1.0
20 silly idealTree:prePrune │ ├── json-schema@0.2.2
20 silly idealTree:prePrune │ ├── json-stringify-safe@5.0.1
20 silly idealTree:prePrune │ ├── jsonpointer@2.0.0
20 silly idealTree:prePrune │ ├── jsprim@1.2.2
20 silly idealTree:prePrune │ ├── lodash.pad@4.1.0
20 silly idealTree:prePrune │ ├── lodash.padend@4.2.0
20 silly idealTree:prePrune │ ├── lodash.padstart@4.2.0
20 silly idealTree:prePrune │ ├── lodash.repeat@4.0.0
20 silly idealTree:prePrune │ ├── lodash.tostring@4.1.2
20 silly idealTree:prePrune │ ├── mime-db@1.22.0
20 silly idealTree:prePrune │ ├── mime-types@2.1.10
20 silly idealTree:prePrune │ ├── minimist@0.0.8
20 silly idealTree:prePrune │ ├── mkdirp@0.5.1
20 silly idealTree:prePrune │ ├── ms@0.7.1
20 silly idealTree:prePrune │ ├─┬ node-pre-gyp@0.6.25
20 silly idealTree:prePrune │ │ └─┬ nopt@3.0.6
20 silly idealTree:prePrune │ │   └── abbrev@1.0.7
20 silly idealTree:prePrune │ ├── node-uuid@1.4.7
20 silly idealTree:prePrune │ ├── npmlog@2.0.3
20 silly idealTree:prePrune │ ├── oauth-sign@0.8.1
20 silly idealTree:prePrune │ ├── once@1.3.3
20 silly idealTree:prePrune │ ├── pinkie-promise@2.0.0
20 silly idealTree:prePrune │ ├── pinkie@2.0.4
20 silly idealTree:prePrune │ ├── process-nextick-args@1.0.6
20 silly idealTree:prePrune │ ├── qs@6.0.2
20 silly idealTree:prePrune │ ├─┬ rc@1.1.6
20 silly idealTree:prePrune │ │ └── minimist@1.2.0
20 silly idealTree:prePrune │ ├── readable-stream@2.0.6
20 silly idealTree:prePrune │ ├── request@2.69.0
20 silly idealTree:prePrune │ ├─┬ rimraf@2.5.2
20 silly idealTree:prePrune │ │ └─┬ glob@7.0.3
20 silly idealTree:prePrune │ │   ├─┬ inflight@1.0.4
20 silly idealTree:prePrune │ │   │ └── wrappy@1.0.1
20 silly idealTree:prePrune │ │   ├── inherits@2.0.1
20 silly idealTree:prePrune │ │   ├─┬ minimatch@3.0.0
20 silly idealTree:prePrune │ │   │ └─┬ brace-expansion@1.1.3
20 silly idealTree:prePrune │ │   │   ├── balanced-match@0.3.0
20 silly idealTree:prePrune │ │   │   └── concat-map@0.0.1
20 silly idealTree:prePrune │ │   ├─┬ once@1.3.3
20 silly idealTree:prePrune │ │   │ └── wrappy@1.0.1
20 silly idealTree:prePrune │ │   └── path-is-absolute@1.0.0
20 silly idealTree:prePrune │ ├── semver@5.1.0
20 silly idealTree:prePrune │ ├── sntp@1.0.9
20 silly idealTree:prePrune │ ├── sshpk@1.7.4
20 silly idealTree:prePrune │ ├── string_decoder@0.10.31
20 silly idealTree:prePrune │ ├── stringstream@0.0.5
20 silly idealTree:prePrune │ ├── strip-ansi@3.0.1
20 silly idealTree:prePrune │ ├── strip-json-comments@1.0.4
20 silly idealTree:prePrune │ ├── supports-color@2.0.0
20 silly idealTree:prePrune │ ├── tar-pack@3.1.3
20 silly idealTree:prePrune │ ├── tar@2.2.1
20 silly idealTree:prePrune │ ├── tough-cookie@2.2.2
20 silly idealTree:prePrune │ ├── tunnel-agent@0.4.2
20 silly idealTree:prePrune │ ├── tweetnacl@0.14.3
20 silly idealTree:prePrune │ ├── uid-number@0.0.6
20 silly idealTree:prePrune │ ├── util-deprecate@1.0.2
20 silly idealTree:prePrune │ ├── verror@1.3.6
20 silly idealTree:prePrune │ ├── wrappy@1.0.1
20 silly idealTree:prePrune │ └── xtend@4.0.1
20 silly idealTree:prePrune ├─┬ fstream@1.0.8
20 silly idealTree:prePrune │ └── graceful-fs@4.1.3
20 silly idealTree:prePrune ├── gauge@1.2.7
20 silly idealTree:prePrune ├── gaze@0.5.2
20 silly idealTree:prePrune ├── generate-function@2.0.0
20 silly idealTree:prePrune ├── generate-object-property@1.2.0
20 silly idealTree:prePrune ├── get-stdin@4.0.1
20 silly idealTree:prePrune ├── glob-base@0.3.0
20 silly idealTree:prePrune ├── glob-parent@2.0.0
20 silly idealTree:prePrune ├─┬ glob@5.0.15
20 silly idealTree:prePrune │ └── minimatch@3.0.0
20 silly idealTree:prePrune ├─┬ globule@0.1.0
20 silly idealTree:prePrune │ ├── glob@3.1.21
20 silly idealTree:prePrune │ └── inherits@1.0.2
20 silly idealTree:prePrune ├── graceful-fs@1.2.3
20 silly idealTree:prePrune ├── graceful-readlink@1.0.1
20 silly idealTree:prePrune ├── har-validator@2.0.6
20 silly idealTree:prePrune ├── has-ansi@2.0.0
20 silly idealTree:prePrune ├── has-flag@1.0.0
20 silly idealTree:prePrune ├── has-own@1.0.0
20 silly idealTree:prePrune ├── has-unicode@2.0.0
20 silly idealTree:prePrune ├── hat@0.0.3
20 silly idealTree:prePrune ├── hawk@3.1.3
20 silly idealTree:prePrune ├── hoek@2.16.3
20 silly idealTree:prePrune ├── hosted-git-info@2.1.4
20 silly idealTree:prePrune ├── http-browserify@1.7.0
20 silly idealTree:prePrune ├── http-errors@1.3.1
20 silly idealTree:prePrune ├── http-proxy@1.13.2
20 silly idealTree:prePrune ├── http-signature@1.1.1
20 silly idealTree:prePrune ├── https-browserify@0.0.0
20 silly idealTree:prePrune ├── iconv-lite@0.4.11
20 silly idealTree:prePrune ├── icss-replace-symbols@1.0.2
20 silly idealTree:prePrune ├── ieee754@1.1.6
20 silly idealTree:prePrune ├── indent-string@2.1.0
20 silly idealTree:prePrune ├── indexes-of@1.0.1
20 silly idealTree:prePrune ├── indexof@0.0.1
20 silly idealTree:prePrune ├── inflight@1.0.4
20 silly idealTree:prePrune ├── inherits@2.0.1
20 silly idealTree:prePrune ├── ini@1.3.4
20 silly idealTree:prePrune ├── interpret@0.6.6
20 silly idealTree:prePrune ├── invert-kv@1.0.0
20 silly idealTree:prePrune ├── ipaddr.js@1.0.5
20 silly idealTree:prePrune ├── is-absolute-url@2.0.0
20 silly idealTree:prePrune ├── is-absolute@0.1.7
20 silly idealTree:prePrune ├── is-arrayish@0.2.1
20 silly idealTree:prePrune ├── is-binary-path@1.0.1
20 silly idealTree:prePrune ├── is-buffer@1.1.3
20 silly idealTree:prePrune ├── is-builtin-module@1.0.0
20 silly idealTree:prePrune ├── is-dotfile@1.0.2
20 silly idealTree:prePrune ├── is-equal-shallow@0.1.3
20 silly idealTree:prePrune ├── is-extendable@0.1.1
20 silly idealTree:prePrune ├── is-extglob@1.0.0
20 silly idealTree:prePrune ├── is-finite@1.0.1
20 silly idealTree:prePrune ├── is-fullwidth-code-point@1.0.0
20 silly idealTree:prePrune ├── is-glob@2.0.1
20 silly idealTree:prePrune ├── is-my-json-valid@2.13.1
20 silly idealTree:prePrune ├── is-number@2.1.0
20 silly idealTree:prePrune ├── is-plain-obj@1.1.0
20 silly idealTree:prePrune ├── is-posix-bracket@0.1.1
20 silly idealTree:prePrune ├── is-primitive@2.0.0
20 silly idealTree:prePrune ├── is-property@1.0.2
20 silly idealTree:prePrune ├── is-relative@0.1.3
20 silly idealTree:prePrune ├── is-svg@1.1.1
20 silly idealTree:prePrune ├── is-typedarray@1.0.0
20 silly idealTree:prePrune ├── is-utf8@0.2.1
20 silly idealTree:prePrune ├── isarray@1.0.0
20 silly idealTree:prePrune ├── isexe@1.1.2
20 silly idealTree:prePrune ├─┬ isobject@2.0.0
20 silly idealTree:prePrune │ └── isarray@0.0.1
20 silly idealTree:prePrune ├── isstream@0.1.2
20 silly idealTree:prePrune ├── jodid25519@1.0.2
20 silly idealTree:prePrune ├── jquery@2.2.3
20 silly idealTree:prePrune ├── js-base64@2.1.9
20 silly idealTree:prePrune ├── js-yaml@3.5.5
20 silly idealTree:prePrune ├── jsbn@0.1.0
20 silly idealTree:prePrune ├── json-schema@0.2.2
20 silly idealTree:prePrune ├── json-stringify-safe@5.0.1
20 silly idealTree:prePrune ├── json3@3.3.2
20 silly idealTree:prePrune ├── json5@0.4.0
20 silly idealTree:prePrune ├── jsonpointer@2.0.0
20 silly idealTree:prePrune ├── jsprim@1.2.2
20 silly idealTree:prePrune ├── kind-of@3.0.2
20 silly idealTree:prePrune ├── lazy-cache@1.0.3
20 silly idealTree:prePrune ├── lcid@1.0.0
20 silly idealTree:prePrune ├─┬ load-json-file@1.1.0
20 silly idealTree:prePrune │ └── graceful-fs@4.1.3
20 silly idealTree:prePrune ├── loader-utils@0.2.13
20 silly idealTree:prePrune ├── lodash._createcompounder@3.0.0
20 silly idealTree:prePrune ├── lodash._root@3.0.1
20 silly idealTree:prePrune ├── lodash.camelcase@3.0.1
20 silly idealTree:prePrune ├── lodash.deburr@3.2.0
20 silly idealTree:prePrune ├── lodash.pad@4.2.0
20 silly idealTree:prePrune ├── lodash.padend@4.3.0
20 silly idealTree:prePrune ├── lodash.padstart@4.3.0
20 silly idealTree:prePrune ├── lodash.tostring@4.1.2
20 silly idealTree:prePrune ├── lodash.words@3.2.0
20 silly idealTree:prePrune ├── lodash@1.0.2
20 silly idealTree:prePrune ├── longest@1.0.1
20 silly idealTree:prePrune ├── loud-rejection@1.3.0
20 silly idealTree:prePrune ├── lru-cache@4.0.1
20 silly idealTree:prePrune ├── map-obj@1.0.1
20 silly idealTree:prePrune ├── media-typer@0.3.0
20 silly idealTree:prePrune ├── memory-fs@0.3.0
20 silly idealTree:prePrune ├─┬ meow@3.7.0
20 silly idealTree:prePrune │ └── minimist@1.2.0
20 silly idealTree:prePrune ├── merge-descriptors@1.0.1
20 silly idealTree:prePrune ├── methods@1.1.2
20 silly idealTree:prePrune ├── micromatch@2.3.7
20 silly idealTree:prePrune ├── mime-db@1.22.0
20 silly idealTree:prePrune ├── mime-types@2.1.10
20 silly idealTree:prePrune ├── mime@1.3.4
20 silly idealTree:prePrune ├─┬ minimatch@0.2.14
20 silly idealTree:prePrune │ └── lru-cache@2.7.3
20 silly idealTree:prePrune ├── minimist@0.0.8
20 silly idealTree:prePrune ├── mkdirp@0.5.1
20 silly idealTree:prePrune ├── morgan@1.6.1
20 silly idealTree:prePrune ├── ms@0.7.1
20 silly idealTree:prePrune ├─┬ mysql@2.10.2
20 silly idealTree:prePrune │ ├── isarray@0.0.1
20 silly idealTree:prePrune │ └── readable-stream@1.1.13
20 silly idealTree:prePrune ├── nan@2.2.1
20 silly idealTree:prePrune ├── negotiator@0.5.3
20 silly idealTree:prePrune ├─┬ node-gyp@3.3.1
20 silly idealTree:prePrune │ ├─┬ glob@4.5.3
20 silly idealTree:prePrune │ │ └── minimatch@2.0.10
20 silly idealTree:prePrune │ ├── graceful-fs@4.1.3
20 silly idealTree:prePrune │ ├── lru-cache@2.7.3
20 silly idealTree:prePrune │ └── minimatch@1.0.0
20 silly idealTree:prePrune ├─┬ node-libs-browser@0.5.3
20 silly idealTree:prePrune │ ├── isarray@0.0.1
20 silly idealTree:prePrune │ └── readable-stream@1.1.13
20 silly idealTree:prePrune ├── node-sass@3.4.2
20 silly idealTree:prePrune ├── node-uuid@1.4.7
20 silly idealTree:prePrune ├── nopt@3.0.6
20 silly idealTree:prePrune ├── normalize-package-data@2.3.5
20 silly idealTree:prePrune ├── normalize-path@2.0.1
20 silly idealTree:prePrune ├── normalize-range@0.1.2
20 silly idealTree:prePrune ├── normalize-url@1.4.1
20 silly idealTree:prePrune ├─┬ npmconf@2.1.2
20 silly idealTree:prePrune │ └── semver@4.3.6
20 silly idealTree:prePrune ├── npmlog@2.0.3
20 silly idealTree:prePrune ├── num2fraction@1.2.2
20 silly idealTree:prePrune ├── number-is-nan@1.0.0
20 silly idealTree:prePrune ├── oauth-sign@0.8.1
20 silly idealTree:prePrune ├── object-assign@4.0.1
20 silly idealTree:prePrune ├── object.omit@2.0.0
20 silly idealTree:prePrune ├── on-finished@2.3.0
20 silly idealTree:prePrune ├── on-headers@1.0.1
20 silly idealTree:prePrune ├── once@1.3.3
20 silly idealTree:prePrune ├── optimist@0.6.1
20 silly idealTree:prePrune ├─┬ original@1.0.0
20 silly idealTree:prePrune │ └── url-parse@1.0.5
20 silly idealTree:prePrune ├─┬ orm@2.1.30
20 silly idealTree:prePrune │ └── lodash@2.4.1
20 silly idealTree:prePrune ├── os-browserify@0.1.2
20 silly idealTree:prePrune ├── os-homedir@1.0.1
20 silly idealTree:prePrune ├── os-locale@1.4.0
20 silly idealTree:prePrune ├── os-shim@0.1.3
20 silly idealTree:prePrune ├── os-tmpdir@1.0.1
20 silly idealTree:prePrune ├── osenv@0.1.3
20 silly idealTree:prePrune ├── pako@0.2.8
20 silly idealTree:prePrune ├── parse-glob@3.0.4
20 silly idealTree:prePrune ├── parse-json@2.2.0
20 silly idealTree:prePrune ├── parseurl@1.3.1
20 silly idealTree:prePrune ├── path-array@1.0.1
20 silly idealTree:prePrune ├── path-browserify@0.0.0
20 silly idealTree:prePrune ├── path-exists@2.1.0
20 silly idealTree:prePrune ├── path-is-absolute@1.0.0
20 silly idealTree:prePrune ├── path-to-regexp@0.1.7
20 silly idealTree:prePrune ├─┬ path-type@1.1.0
20 silly idealTree:prePrune │ └── graceful-fs@4.1.3
20 silly idealTree:prePrune ├── pbkdf2-compat@2.0.1
20 silly idealTree:prePrune ├── pify@2.3.0
20 silly idealTree:prePrune ├── pinkie-promise@2.0.0
20 silly idealTree:prePrune ├── pinkie@2.0.4
20 silly idealTree:prePrune ├── postcss-calc@5.2.0
20 silly idealTree:prePrune ├── postcss-colormin@2.2.0
20 silly idealTree:prePrune ├── postcss-convert-values@2.3.4
20 silly idealTree:prePrune ├── postcss-discard-comments@2.0.4
20 silly idealTree:prePrune ├── postcss-discard-duplicates@2.0.1
20 silly idealTree:prePrune ├── postcss-discard-empty@2.0.1
20 silly idealTree:prePrune ├── postcss-discard-unused@2.2.1
20 silly idealTree:prePrune ├── postcss-filter-plugins@2.0.0
20 silly idealTree:prePrune ├── postcss-loader@0.8.2
20 silly idealTree:prePrune ├── postcss-merge-idents@2.1.5
20 silly idealTree:prePrune ├── postcss-merge-longhand@2.0.1
20 silly idealTree:prePrune ├── postcss-merge-rules@2.0.6
20 silly idealTree:prePrune ├── postcss-message-helpers@2.0.0
20 silly idealTree:prePrune ├── postcss-minify-font-values@1.0.3
20 silly idealTree:prePrune ├── postcss-minify-gradients@1.0.1
20 silly idealTree:prePrune ├── postcss-minify-params@1.0.4
20 silly idealTree:prePrune ├── postcss-minify-selectors@2.0.4
20 silly idealTree:prePrune ├── postcss-modules-extract-imports@1.0.0
20 silly idealTree:prePrune ├── postcss-modules-local-by-default@1.0.1
20 silly idealTree:prePrune ├── postcss-modules-scope@1.0.0
20 silly idealTree:prePrune ├── postcss-modules-values@1.1.2
20 silly idealTree:prePrune ├── postcss-normalize-charset@1.1.0
20 silly idealTree:prePrune ├── postcss-normalize-url@3.0.7
20 silly idealTree:prePrune ├── postcss-ordered-values@2.1.0
20 silly idealTree:prePrune ├── postcss-reduce-idents@2.3.0
20 silly idealTree:prePrune ├── postcss-reduce-transforms@1.0.3
20 silly idealTree:prePrune ├── postcss-selector-parser@1.3.3
20 silly idealTree:prePrune ├── postcss-svgo@2.1.2
20 silly idealTree:prePrune ├── postcss-unique-selectors@2.0.2
20 silly idealTree:prePrune ├── postcss-value-parser@3.3.0
20 silly idealTree:prePrune ├── postcss-zindex@2.1.0
20 silly idealTree:prePrune ├── postcss@5.0.19
20 silly idealTree:prePrune ├── prepend-http@1.0.3
20 silly idealTree:prePrune ├── preserve@0.2.0
20 silly idealTree:prePrune ├── process-nextick-args@1.0.6
20 silly idealTree:prePrune ├── process@0.11.2
20 silly idealTree:prePrune ├── proto-list@1.2.4
20 silly idealTree:prePrune ├── proxy-addr@1.0.10
20 silly idealTree:prePrune ├── prr@0.0.0
20 silly idealTree:prePrune ├── pseudomap@1.0.2
20 silly idealTree:prePrune ├── punycode@1.4.1
20 silly idealTree:prePrune ├── q@1.4.1
20 silly idealTree:prePrune ├── qs@4.0.0
20 silly idealTree:prePrune ├── query-string@3.0.3
20 silly idealTree:prePrune ├── querystring-es3@0.2.1
20 silly idealTree:prePrune ├── querystring@0.2.0
20 silly idealTree:prePrune ├── querystringify@0.0.3
20 silly idealTree:prePrune ├── randomatic@1.1.5
20 silly idealTree:prePrune ├── range-parser@1.0.3
20 silly idealTree:prePrune ├─┬ raw-body@2.1.6
20 silly idealTree:prePrune │ ├── bytes@2.3.0
20 silly idealTree:prePrune │ └── iconv-lite@0.4.13
20 silly idealTree:prePrune ├── read-pkg-up@1.0.1
20 silly idealTree:prePrune ├── read-pkg@1.1.0
20 silly idealTree:prePrune ├── readable-stream@2.0.6
20 silly idealTree:prePrune ├─┬ readdirp@2.0.0
20 silly idealTree:prePrune │ ├── graceful-fs@4.1.3
20 silly idealTree:prePrune │ └── minimatch@2.0.10
20 silly idealTree:prePrune ├── redent@1.0.0
20 silly idealTree:prePrune ├── reduce-css-calc@1.2.1
20 silly idealTree:prePrune ├── reduce-function-call@1.0.1
20 silly idealTree:prePrune ├── regex-cache@0.4.3
20 silly idealTree:prePrune ├── repeat-element@1.1.2
20 silly idealTree:prePrune ├── repeat-string@1.5.4
20 silly idealTree:prePrune ├── repeating@2.0.0
20 silly idealTree:prePrune ├─┬ request@2.70.0
20 silly idealTree:prePrune │ └── qs@6.1.0
20 silly idealTree:prePrune ├── requires-port@1.0.0
20 silly idealTree:prePrune ├── right-align@0.1.3
20 silly idealTree:prePrune ├─┬ rimraf@2.5.2
20 silly idealTree:prePrune │ ├── glob@7.0.3
20 silly idealTree:prePrune │ └── minimatch@3.0.0
20 silly idealTree:prePrune ├── ripemd160@0.2.0
20 silly idealTree:prePrune ├─┬ sass-graph@2.1.1
20 silly idealTree:prePrune │ ├── glob@6.0.4
20 silly idealTree:prePrune │ ├── lodash@4.8.2
20 silly idealTree:prePrune │ └── minimatch@3.0.0
20 silly idealTree:prePrune ├── sass-loader@3.2.0
20 silly idealTree:prePrune ├── sax@1.2.1
20 silly idealTree:prePrune ├── semver@5.1.0
20 silly idealTree:prePrune ├─┬ send@0.13.1
20 silly idealTree:prePrune │ └── depd@1.1.0
20 silly idealTree:prePrune ├── serve-favicon@2.3.0
20 silly idealTree:prePrune ├── serve-index@1.7.3
20 silly idealTree:prePrune ├── serve-static@1.10.2
20 silly idealTree:prePrune ├── sha.js@2.2.6
20 silly idealTree:prePrune ├── sigmund@1.0.1
20 silly idealTree:prePrune ├── signal-exit@2.1.2
20 silly idealTree:prePrune ├── sntp@1.0.9
20 silly idealTree:prePrune ├─┬ sockjs-client@1.0.3
20 silly idealTree:prePrune │ └── faye-websocket@0.7.3
20 silly idealTree:prePrune ├── sockjs@0.3.16
20 silly idealTree:prePrune ├── sort-keys@1.1.1
20 silly idealTree:prePrune ├── source-list-map@0.1.6
20 silly idealTree:prePrune ├── source-map@0.5.3
20 silly idealTree:prePrune ├── spawn-sync@1.0.15
20 silly idealTree:prePrune ├── spdx-correct@1.0.2
20 silly idealTree:prePrune ├── spdx-exceptions@1.0.4
20 silly idealTree:prePrune ├── spdx-expression-parse@1.0.2
20 silly idealTree:prePrune ├── spdx-license-ids@1.2.0
20 silly idealTree:prePrune ├── sprintf-js@1.0.3
20 silly idealTree:prePrune ├─┬ sql-ddl-sync@0.3.11
20 silly idealTree:prePrune │ └── lodash@2.4.1
20 silly idealTree:prePrune ├── sql-query@0.1.26
20 silly idealTree:prePrune ├── sshpk@1.7.4
20 silly idealTree:prePrune ├── statuses@1.2.1
20 silly idealTree:prePrune ├─┬ stream-browserify@1.0.0
20 silly idealTree:prePrune │ ├── isarray@0.0.1
20 silly idealTree:prePrune │ └── readable-stream@1.1.13
20 silly idealTree:prePrune ├── stream-cache@0.0.2
20 silly idealTree:prePrune ├── strict-uri-encode@1.1.0
20 silly idealTree:prePrune ├── string_decoder@0.10.31
20 silly idealTree:prePrune ├── string-width@1.0.1
20 silly idealTree:prePrune ├── stringstream@0.0.5
20 silly idealTree:prePrune ├── strip-ansi@3.0.1
20 silly idealTree:prePrune ├── strip-bom@2.0.0
20 silly idealTree:prePrune ├── strip-indent@1.0.1
20 silly idealTree:prePrune ├── style-loader@0.13.1
20 silly idealTree:prePrune ├── supports-color@3.1.2
20 silly idealTree:prePrune ├── svgo@0.6.4
20 silly idealTree:prePrune ├── tapable@0.1.10
20 silly idealTree:prePrune ├── tar@2.2.1
20 silly idealTree:prePrune ├── timers-browserify@1.4.2
20 silly idealTree:prePrune ├── tough-cookie@2.2.2
20 silly idealTree:prePrune ├── trim-newlines@1.0.0
20 silly idealTree:prePrune ├── tty-browserify@0.0.0
20 silly idealTree:prePrune ├── tunnel-agent@0.4.2
20 silly idealTree:prePrune ├── tweetnacl@0.14.3
20 silly idealTree:prePrune ├── type-is@1.6.12
20 silly idealTree:prePrune ├── typedarray@0.0.6
20 silly idealTree:prePrune ├─┬ uglify-js@2.6.2
20 silly idealTree:prePrune │ ├── async@0.2.10
20 silly idealTree:prePrune │ ├── camelcase@1.2.1
20 silly idealTree:prePrune │ ├── cliui@2.1.0
20 silly idealTree:prePrune │ ├── window-size@0.1.0
20 silly idealTree:prePrune │ ├── wordwrap@0.0.2
20 silly idealTree:prePrune │ └── yargs@3.10.0
20 silly idealTree:prePrune ├── uglify-to-browserify@1.0.2
20 silly idealTree:prePrune ├── uid-number@0.0.5
20 silly idealTree:prePrune ├── uniq@1.0.1
20 silly idealTree:prePrune ├── uniqid@1.0.0
20 silly idealTree:prePrune ├── uniqs@2.0.0
20 silly idealTree:prePrune ├── unpipe@1.0.0
20 silly idealTree:prePrune ├── url-parse@1.1.1
20 silly idealTree:prePrune ├─┬ url@0.10.3
20 silly idealTree:prePrune │ └── punycode@1.3.2
20 silly idealTree:prePrune ├── util-deprecate@1.0.2
20 silly idealTree:prePrune ├── util@0.10.3
20 silly idealTree:prePrune ├── utils-merge@1.0.0
20 silly idealTree:prePrune ├── validate-npm-package-license@3.0.1
20 silly idealTree:prePrune ├── vary@1.0.1
20 silly idealTree:prePrune ├── verror@1.3.6
20 silly idealTree:prePrune ├── vm-browserify@0.0.4
20 silly idealTree:prePrune ├─┬ watchpack@0.2.9
20 silly idealTree:prePrune │ ├── async@0.9.2
20 silly idealTree:prePrune │ └── graceful-fs@4.1.3
20 silly idealTree:prePrune ├─┬ webpack-core@0.6.8
20 silly idealTree:prePrune │ └── source-map@0.4.4
20 silly idealTree:prePrune ├── webpack-dev-middleware@1.6.1
20 silly idealTree:prePrune ├── webpack-dev-server@1.14.1
20 silly idealTree:prePrune ├── webpack@1.12.14
20 silly idealTree:prePrune ├── websocket-driver@0.6.4
20 silly idealTree:prePrune ├── websocket-extensions@0.1.1
20 silly idealTree:prePrune ├── whet.extend@0.9.9
20 silly idealTree:prePrune ├── which@1.2.4
20 silly idealTree:prePrune ├── window-size@0.1.4
20 silly idealTree:prePrune ├── wordwrap@0.0.3
20 silly idealTree:prePrune ├── wrap-ansi@2.0.0
20 silly idealTree:prePrune ├── wrappy@1.0.1
20 silly idealTree:prePrune ├── xtend@4.0.1
20 silly idealTree:prePrune ├── y18n@3.2.1
20 silly idealTree:prePrune ├── yallist@2.0.0
20 silly idealTree:prePrune └── yargs@3.32.0
21 silly loadIdealTree Finishing
22 silly currentTree Thrones@0.0.0
22 silly currentTree ├── abbrev@1.0.7
22 silly currentTree ├── accepts@1.2.13
22 silly currentTree ├── align-text@0.1.4
22 silly currentTree ├── alphanum-sort@1.0.2
22 silly currentTree ├── amdefine@1.0.0
22 silly currentTree ├── ansi-regex@2.0.0
22 silly currentTree ├── ansi-styles@2.2.1
22 silly currentTree ├── ansi@0.3.1
22 silly currentTree ├── anymatch@1.3.0
22 silly currentTree ├── are-we-there-yet@1.1.2
22 silly currentTree ├── argparse@1.0.7
22 silly currentTree ├── arr-diff@2.0.0
22 silly currentTree ├── arr-flatten@1.0.1
22 silly currentTree ├── array-find-index@1.0.1
22 silly currentTree ├── array-flatten@1.1.1
22 silly currentTree ├── array-index@1.0.0
22 silly currentTree ├── array-unique@0.2.1
22 silly currentTree ├── arrify@1.0.1
22 silly currentTree ├── art-template@3.0.3
22 silly currentTree ├── asn1@0.2.3
22 silly currentTree ├── assert-plus@0.2.0
22 silly currentTree ├── assert@1.3.0
22 silly currentTree ├── async-each@1.0.0
22 silly currentTree ├── async-foreach@0.1.3
22 silly currentTree ├── async@1.5.2
22 silly currentTree ├── autoprefixer@6.3.6
22 silly currentTree ├── aws-sign2@0.6.0
22 silly currentTree ├── aws4@1.3.2
22 silly currentTree ├── balanced-match@0.1.0
22 silly currentTree ├── base64-js@0.0.8
22 silly currentTree ├── Base64@0.2.1
22 silly currentTree ├── basic-auth@1.0.3
22 silly currentTree ├── batch@0.5.3
22 silly currentTree ├── big.js@3.1.3
22 silly currentTree ├── bignumber.js@2.1.4
22 silly currentTree ├── binary-extensions@1.4.0
22 silly currentTree ├── bl@1.1.2
22 silly currentTree ├── block-stream@0.0.8
22 silly currentTree ├── body-parser@1.13.3
22 silly currentTree ├── boom@2.10.1
22 silly currentTree ├─┬ brace-expansion@1.1.3
22 silly currentTree │ └── balanced-match@0.3.0
22 silly currentTree ├── braces@1.8.3
22 silly currentTree ├── browserify-zlib@0.1.4
22 silly currentTree ├── browserslist@1.3.1
22 silly currentTree ├── buffer@3.6.0
22 silly currentTree ├── builtin-modules@1.1.1
22 silly currentTree ├── bytes@2.1.0
22 silly currentTree ├── camelcase-keys@2.1.0
22 silly currentTree ├── camelcase@2.1.1
22 silly currentTree ├── caniuse-db@1.0.30000449
22 silly currentTree ├── caseless@0.11.0
22 silly currentTree ├── center-align@0.1.3
22 silly currentTree ├─┬ chalk@1.1.1
22 silly currentTree │ └── supports-color@2.0.0
22 silly currentTree ├── chokidar@1.4.3
22 silly currentTree ├── clap@1.1.0
22 silly currentTree ├── cliui@3.1.2
22 silly currentTree ├── clone@1.0.2
22 silly currentTree ├── coa@1.0.1
22 silly currentTree ├── code-point-at@1.0.0
22 silly currentTree ├── color-convert@0.5.3
22 silly currentTree ├── color-name@1.1.1
22 silly currentTree ├── color-string@0.3.0
22 silly currentTree ├── color@0.11.1
22 silly currentTree ├── colormin@1.1.0
22 silly currentTree ├── colors@1.1.2
22 silly currentTree ├── combined-stream@1.0.5
22 silly currentTree ├── commander@2.9.0
22 silly currentTree ├── compressible@2.0.7
22 silly currentTree ├─┬ compression@1.6.1
22 silly currentTree │ ├── accepts@1.3.2
22 silly currentTree │ ├── bytes@2.2.0
22 silly currentTree │ ├── negotiator@0.6.0
22 silly currentTree │ └── vary@1.1.0
22 silly currentTree ├── concat-map@0.0.1
22 silly currentTree ├── concat-stream@1.5.1
22 silly currentTree ├── config-chain@1.1.10
22 silly currentTree ├── connect-history-api-fallback@1.1.0
22 silly currentTree ├── console-browserify@1.1.0
22 silly currentTree ├── constants-browserify@0.0.1
22 silly currentTree ├── content-disposition@0.5.1
22 silly currentTree ├── content-type@1.0.1
22 silly currentTree ├── cookie-parser@1.3.5
22 silly currentTree ├── cookie-signature@1.0.6
22 silly currentTree ├── cookie@0.1.3
22 silly currentTree ├── core-util-is@1.0.2
22 silly currentTree ├── cross-spawn-async@2.2.1
22 silly currentTree ├── cross-spawn@2.2.0
22 silly currentTree ├── cryptiles@2.0.5
22 silly currentTree ├── crypto-browserify@3.2.8
22 silly currentTree ├── css-color-names@0.0.3
22 silly currentTree ├── css-loader@0.23.1
22 silly currentTree ├── css-selector-tokenizer@0.5.4
22 silly currentTree ├── cssesc@0.1.0
22 silly currentTree ├── cssnano@3.5.2
22 silly currentTree ├── csso@1.8.1
22 silly currentTree ├── d@0.1.1
22 silly currentTree ├─┬ dashdash@1.13.0
22 silly currentTree │ └── assert-plus@1.0.0
22 silly currentTree ├── date-now@0.1.4
22 silly currentTree ├── debug@2.2.0
22 silly currentTree ├── decamelize@1.2.0
22 silly currentTree ├── defined@1.0.0
22 silly currentTree ├── delayed-stream@1.0.0
22 silly currentTree ├── delegates@1.0.0
22 silly currentTree ├── depd@1.0.1
22 silly currentTree ├── destroy@1.0.4
22 silly currentTree ├── domain-browser@1.1.7
22 silly currentTree ├── ecc-jsbn@0.1.1
22 silly currentTree ├── ee-first@1.1.1
22 silly currentTree ├── enforce@0.1.6
22 silly currentTree ├─┬ enhanced-resolve@0.9.1
22 silly currentTree │ ├── graceful-fs@4.1.3
22 silly currentTree │ └── memory-fs@0.2.0
22 silly currentTree ├── errno@0.1.4
22 silly currentTree ├── error-ex@1.3.0
22 silly currentTree ├── es5-ext@0.10.11
22 silly currentTree ├── es6-iterator@2.0.0
22 silly currentTree ├── es6-symbol@3.0.2
22 silly currentTree ├── escape-html@1.0.3
22 silly currentTree ├── escape-string-regexp@1.0.5
22 silly currentTree ├── esprima@2.7.2
22 silly currentTree ├── etag@1.7.0
22 silly currentTree ├── eventemitter3@1.2.0
22 silly currentTree ├── events@1.1.0
22 silly currentTree ├── eventsource@0.1.6
22 silly currentTree ├── expand-brackets@0.1.5
22 silly currentTree ├── expand-range@1.8.1
22 silly currentTree ├─┬ express@4.13.4
22 silly currentTree │ ├── cookie@0.1.5
22 silly currentTree │ └── depd@1.1.0
22 silly currentTree ├── extend@3.0.0
22 silly currentTree ├── extglob@0.3.2
22 silly currentTree ├── extsprintf@1.0.2
22 silly currentTree ├── fastparse@1.1.1
22 silly currentTree ├── faye-websocket@0.10.0
22 silly currentTree ├── filename-regex@2.0.0
22 silly currentTree ├── fill-range@2.2.3
22 silly currentTree ├── finalhandler@0.4.1
22 silly currentTree ├── find-up@1.1.2
22 silly currentTree ├── flatten@1.0.2
22 silly currentTree ├── for-in@0.1.5
22 silly currentTree ├── for-own@0.1.4
22 silly currentTree ├── forever-agent@0.6.1
22 silly currentTree ├── form-data@1.0.0-rc4
22 silly currentTree ├── forwarded@0.1.0
22 silly currentTree ├── fresh@0.3.0
22 silly currentTree ├─┬ fsevents@1.0.11
22 silly currentTree │ ├── ansi-regex@2.0.0
22 silly currentTree │ ├── ansi-styles@2.2.1
22 silly currentTree │ ├── ansi@0.3.1
22 silly currentTree │ ├── are-we-there-yet@1.1.2
22 silly currentTree │ ├── asn1@0.2.3
22 silly currentTree │ ├── assert-plus@0.2.0
22 silly currentTree │ ├── async@1.5.2
22 silly currentTree │ ├── aws-sign2@0.6.0
22 silly currentTree │ ├─┬ aws4@1.3.2
22 silly currentTree │ │ └─┬ lru-cache@4.0.1
22 silly currentTree │ │   ├── pseudomap@1.0.2
22 silly currentTree │ │   └── yallist@2.0.0
22 silly currentTree │ ├── bl@1.0.3
22 silly currentTree │ ├── block-stream@0.0.8
22 silly currentTree │ ├── boom@2.10.1
22 silly currentTree │ ├── caseless@0.11.0
22 silly currentTree │ ├── chalk@1.1.3
22 silly currentTree │ ├── combined-stream@1.0.5
22 silly currentTree │ ├── commander@2.9.0
22 silly currentTree │ ├── core-util-is@1.0.2
22 silly currentTree │ ├── cryptiles@2.0.5
22 silly currentTree │ ├─┬ dashdash@1.13.0
22 silly currentTree │ │ └── assert-plus@1.0.0
22 silly currentTree │ ├── debug@2.2.0
22 silly currentTree │ ├── deep-extend@0.4.1
22 silly currentTree │ ├── delayed-stream@1.0.0
22 silly currentTree │ ├── delegates@1.0.0
22 silly currentTree │ ├── ecc-jsbn@0.1.1
22 silly currentTree │ ├── escape-string-regexp@1.0.5
22 silly currentTree │ ├── extend@3.0.0
22 silly currentTree │ ├── extsprintf@1.0.2
22 silly currentTree │ ├── forever-agent@0.6.1
22 silly currentTree │ ├── form-data@1.0.0-rc4
22 silly currentTree │ ├─┬ fstream-ignore@1.0.3
22 silly currentTree │ │ └─┬ minimatch@3.0.0
22 silly currentTree │ │   └─┬ brace-expansion@1.1.3
22 silly currentTree │ │     ├── balanced-match@0.3.0
22 silly currentTree │ │     └── concat-map@0.0.1
22 silly currentTree │ ├── fstream@1.0.8
22 silly currentTree │ ├── gauge@1.2.7
22 silly currentTree │ ├── generate-function@2.0.0
22 silly currentTree │ ├── generate-object-property@1.2.0
22 silly currentTree │ ├── graceful-fs@4.1.3
22 silly currentTree │ ├── graceful-readlink@1.0.1
22 silly currentTree │ ├── har-validator@2.0.6
22 silly currentTree │ ├── has-ansi@2.0.0
22 silly currentTree │ ├── has-unicode@2.0.0
22 silly currentTree │ ├── hawk@3.1.3
22 silly currentTree │ ├── hoek@2.16.3
22 silly currentTree │ ├── http-signature@1.1.1
22 silly currentTree │ ├── inherits@2.0.1
22 silly currentTree │ ├── ini@1.3.4
22 silly currentTree │ ├── is-my-json-valid@2.13.1
22 silly currentTree │ ├── is-property@1.0.2
22 silly currentTree │ ├── is-typedarray@1.0.0
22 silly currentTree │ ├── isarray@1.0.0
22 silly currentTree │ ├── isstream@0.1.2
22 silly currentTree │ ├── jodid25519@1.0.2
22 silly currentTree │ ├── jsbn@0.1.0
22 silly currentTree │ ├── json-schema@0.2.2
22 silly currentTree │ ├── json-stringify-safe@5.0.1
22 silly currentTree │ ├── jsonpointer@2.0.0
22 silly currentTree │ ├── jsprim@1.2.2
22 silly currentTree │ ├── lodash.pad@4.1.0
22 silly currentTree │ ├── lodash.padend@4.2.0
22 silly currentTree │ ├── lodash.padstart@4.2.0
22 silly currentTree │ ├── lodash.repeat@4.0.0
22 silly currentTree │ ├── lodash.tostring@4.1.2
22 silly currentTree │ ├── mime-db@1.22.0
22 silly currentTree │ ├── mime-types@2.1.10
22 silly currentTree │ ├── minimist@0.0.8
22 silly currentTree │ ├── mkdirp@0.5.1
22 silly currentTree │ ├── ms@0.7.1
22 silly currentTree │ ├─┬ node-pre-gyp@0.6.25
22 silly currentTree │ │ └─┬ nopt@3.0.6
22 silly currentTree │ │   └── abbrev@1.0.7
22 silly currentTree │ ├── node-uuid@1.4.7
22 silly currentTree │ ├── npmlog@2.0.3
22 silly currentTree │ ├── oauth-sign@0.8.1
22 silly currentTree │ ├── once@1.3.3
22 silly currentTree │ ├── pinkie-promise@2.0.0
22 silly currentTree │ ├── pinkie@2.0.4
22 silly currentTree │ ├── process-nextick-args@1.0.6
22 silly currentTree │ ├── qs@6.0.2
22 silly currentTree │ ├─┬ rc@1.1.6
22 silly currentTree │ │ └── minimist@1.2.0
22 silly currentTree │ ├── readable-stream@2.0.6
22 silly currentTree │ ├── request@2.69.0
22 silly currentTree │ ├─┬ rimraf@2.5.2
22 silly currentTree │ │ └─┬ glob@7.0.3
22 silly currentTree │ │   ├─┬ inflight@1.0.4
22 silly currentTree │ │   │ └── wrappy@1.0.1
22 silly currentTree │ │   ├── inherits@2.0.1
22 silly currentTree │ │   ├─┬ minimatch@3.0.0
22 silly currentTree │ │   │ └─┬ brace-expansion@1.1.3
22 silly currentTree │ │   │   ├── balanced-match@0.3.0
22 silly currentTree │ │   │   └── concat-map@0.0.1
22 silly currentTree │ │   ├─┬ once@1.3.3
22 silly currentTree │ │   │ └── wrappy@1.0.1
22 silly currentTree │ │   └── path-is-absolute@1.0.0
22 silly currentTree │ ├── semver@5.1.0
22 silly currentTree │ ├── sntp@1.0.9
22 silly currentTree │ ├── sshpk@1.7.4
22 silly currentTree │ ├── string_decoder@0.10.31
22 silly currentTree │ ├── stringstream@0.0.5
22 silly currentTree │ ├── strip-ansi@3.0.1
22 silly currentTree │ ├── strip-json-comments@1.0.4
22 silly currentTree │ ├── supports-color@2.0.0
22 silly currentTree │ ├── tar-pack@3.1.3
22 silly currentTree │ ├── tar@2.2.1
22 silly currentTree │ ├── tough-cookie@2.2.2
22 silly currentTree │ ├── tunnel-agent@0.4.2
22 silly currentTree │ ├── tweetnacl@0.14.3
22 silly currentTree │ ├── uid-number@0.0.6
22 silly currentTree │ ├── util-deprecate@1.0.2
22 silly currentTree │ ├── verror@1.3.6
22 silly currentTree │ ├── wrappy@1.0.1
22 silly currentTree │ └── xtend@4.0.1
22 silly currentTree ├─┬ fstream@1.0.8
22 silly currentTree │ └── graceful-fs@4.1.3
22 silly currentTree ├── gauge@1.2.7
22 silly currentTree ├── gaze@0.5.2
22 silly currentTree ├── generate-function@2.0.0
22 silly currentTree ├── generate-object-property@1.2.0
22 silly currentTree ├── get-stdin@4.0.1
22 silly currentTree ├── glob-base@0.3.0
22 silly currentTree ├── glob-parent@2.0.0
22 silly currentTree ├─┬ glob@5.0.15
22 silly currentTree │ └── minimatch@3.0.0
22 silly currentTree ├─┬ globule@0.1.0
22 silly currentTree │ ├── glob@3.1.21
22 silly currentTree │ └── inherits@1.0.2
22 silly currentTree ├── graceful-fs@1.2.3
22 silly currentTree ├── graceful-readlink@1.0.1
22 silly currentTree ├── har-validator@2.0.6
22 silly currentTree ├── has-ansi@2.0.0
22 silly currentTree ├── has-flag@1.0.0
22 silly currentTree ├── has-own@1.0.0
22 silly currentTree ├── has-unicode@2.0.0
22 silly currentTree ├── hat@0.0.3
22 silly currentTree ├── hawk@3.1.3
22 silly currentTree ├── hoek@2.16.3
22 silly currentTree ├── hosted-git-info@2.1.4
22 silly currentTree ├── http-browserify@1.7.0
22 silly currentTree ├── http-errors@1.3.1
22 silly currentTree ├── http-proxy@1.13.2
22 silly currentTree ├── http-signature@1.1.1
22 silly currentTree ├── https-browserify@0.0.0
22 silly currentTree ├── iconv-lite@0.4.11
22 silly currentTree ├── icss-replace-symbols@1.0.2
22 silly currentTree ├── ieee754@1.1.6
22 silly currentTree ├── indent-string@2.1.0
22 silly currentTree ├── indexes-of@1.0.1
22 silly currentTree ├── indexof@0.0.1
22 silly currentTree ├── inflight@1.0.4
22 silly currentTree ├── inherits@2.0.1
22 silly currentTree ├── ini@1.3.4
22 silly currentTree ├── interpret@0.6.6
22 silly currentTree ├── invert-kv@1.0.0
22 silly currentTree ├── ipaddr.js@1.0.5
22 silly currentTree ├── is-absolute-url@2.0.0
22 silly currentTree ├── is-absolute@0.1.7
22 silly currentTree ├── is-arrayish@0.2.1
22 silly currentTree ├── is-binary-path@1.0.1
22 silly currentTree ├── is-buffer@1.1.3
22 silly currentTree ├── is-builtin-module@1.0.0
22 silly currentTree ├── is-dotfile@1.0.2
22 silly currentTree ├── is-equal-shallow@0.1.3
22 silly currentTree ├── is-extendable@0.1.1
22 silly currentTree ├── is-extglob@1.0.0
22 silly currentTree ├── is-finite@1.0.1
22 silly currentTree ├── is-fullwidth-code-point@1.0.0
22 silly currentTree ├── is-glob@2.0.1
22 silly currentTree ├── is-my-json-valid@2.13.1
22 silly currentTree ├── is-number@2.1.0
22 silly currentTree ├── is-plain-obj@1.1.0
22 silly currentTree ├── is-posix-bracket@0.1.1
22 silly currentTree ├── is-primitive@2.0.0
22 silly currentTree ├── is-property@1.0.2
22 silly currentTree ├── is-relative@0.1.3
22 silly currentTree ├── is-svg@1.1.1
22 silly currentTree ├── is-typedarray@1.0.0
22 silly currentTree ├── is-utf8@0.2.1
22 silly currentTree ├── isarray@1.0.0
22 silly currentTree ├── isexe@1.1.2
22 silly currentTree ├─┬ isobject@2.0.0
22 silly currentTree │ └── isarray@0.0.1
22 silly currentTree ├── isstream@0.1.2
22 silly currentTree ├── jodid25519@1.0.2
22 silly currentTree ├── jquery@2.2.3
22 silly currentTree ├── js-base64@2.1.9
22 silly currentTree ├── js-yaml@3.5.5
22 silly currentTree ├── jsbn@0.1.0
22 silly currentTree ├── json-schema@0.2.2
22 silly currentTree ├── json-stringify-safe@5.0.1
22 silly currentTree ├── json3@3.3.2
22 silly currentTree ├── json5@0.4.0
22 silly currentTree ├── jsonpointer@2.0.0
22 silly currentTree ├── jsprim@1.2.2
22 silly currentTree ├── kind-of@3.0.2
22 silly currentTree ├── lazy-cache@1.0.3
22 silly currentTree ├── lcid@1.0.0
22 silly currentTree ├─┬ load-json-file@1.1.0
22 silly currentTree │ └── graceful-fs@4.1.3
22 silly currentTree ├── loader-utils@0.2.13
22 silly currentTree ├── lodash._createcompounder@3.0.0
22 silly currentTree ├── lodash._root@3.0.1
22 silly currentTree ├── lodash.camelcase@3.0.1
22 silly currentTree ├── lodash.deburr@3.2.0
22 silly currentTree ├── lodash.pad@4.2.0
22 silly currentTree ├── lodash.padend@4.3.0
22 silly currentTree ├── lodash.padstart@4.3.0
22 silly currentTree ├── lodash.tostring@4.1.2
22 silly currentTree ├── lodash.words@3.2.0
22 silly currentTree ├── lodash@1.0.2
22 silly currentTree ├── longest@1.0.1
22 silly currentTree ├── loud-rejection@1.3.0
22 silly currentTree ├── lru-cache@4.0.1
22 silly currentTree ├── map-obj@1.0.1
22 silly currentTree ├── media-typer@0.3.0
22 silly currentTree ├── memory-fs@0.3.0
22 silly currentTree ├─┬ meow@3.7.0
22 silly currentTree │ └── minimist@1.2.0
22 silly currentTree ├── merge-descriptors@1.0.1
22 silly currentTree ├── methods@1.1.2
22 silly currentTree ├── micromatch@2.3.7
22 silly currentTree ├── mime-db@1.22.0
22 silly currentTree ├── mime-types@2.1.10
22 silly currentTree ├── mime@1.3.4
22 silly currentTree ├─┬ minimatch@0.2.14
22 silly currentTree │ └── lru-cache@2.7.3
22 silly currentTree ├── minimist@0.0.8
22 silly currentTree ├── mkdirp@0.5.1
22 silly currentTree ├── morgan@1.6.1
22 silly currentTree ├── ms@0.7.1
22 silly currentTree ├─┬ mysql@2.10.2
22 silly currentTree │ ├── isarray@0.0.1
22 silly currentTree │ └── readable-stream@1.1.13
22 silly currentTree ├── nan@2.2.1
22 silly currentTree ├── negotiator@0.5.3
22 silly currentTree ├─┬ node-gyp@3.3.1
22 silly currentTree │ ├─┬ glob@4.5.3
22 silly currentTree │ │ └── minimatch@2.0.10
22 silly currentTree │ ├── graceful-fs@4.1.3
22 silly currentTree │ ├── lru-cache@2.7.3
22 silly currentTree │ └── minimatch@1.0.0
22 silly currentTree ├─┬ node-libs-browser@0.5.3
22 silly currentTree │ ├── isarray@0.0.1
22 silly currentTree │ └── readable-stream@1.1.13
22 silly currentTree ├── node-sass@3.4.2
22 silly currentTree ├── node-uuid@1.4.7
22 silly currentTree ├── nopt@3.0.6
22 silly currentTree ├── normalize-package-data@2.3.5
22 silly currentTree ├── normalize-path@2.0.1
22 silly currentTree ├── normalize-range@0.1.2
22 silly currentTree ├── normalize-url@1.4.1
22 silly currentTree ├─┬ npmconf@2.1.2
22 silly currentTree │ └── semver@4.3.6
22 silly currentTree ├── npmlog@2.0.3
22 silly currentTree ├── num2fraction@1.2.2
22 silly currentTree ├── number-is-nan@1.0.0
22 silly currentTree ├── oauth-sign@0.8.1
22 silly currentTree ├── object-assign@4.0.1
22 silly currentTree ├── object.omit@2.0.0
22 silly currentTree ├── on-finished@2.3.0
22 silly currentTree ├── on-headers@1.0.1
22 silly currentTree ├── once@1.3.3
22 silly currentTree ├── optimist@0.6.1
22 silly currentTree ├─┬ original@1.0.0
22 silly currentTree │ └── url-parse@1.0.5
22 silly currentTree ├─┬ orm@2.1.30
22 silly currentTree │ └── lodash@2.4.1
22 silly currentTree ├── os-browserify@0.1.2
22 silly currentTree ├── os-homedir@1.0.1
22 silly currentTree ├── os-locale@1.4.0
22 silly currentTree ├── os-shim@0.1.3
22 silly currentTree ├── os-tmpdir@1.0.1
22 silly currentTree ├── osenv@0.1.3
22 silly currentTree ├── pako@0.2.8
22 silly currentTree ├── parse-glob@3.0.4
22 silly currentTree ├── parse-json@2.2.0
22 silly currentTree ├── parseurl@1.3.1
22 silly currentTree ├── path-array@1.0.1
22 silly currentTree ├── path-browserify@0.0.0
22 silly currentTree ├── path-exists@2.1.0
22 silly currentTree ├── path-is-absolute@1.0.0
22 silly currentTree ├── path-to-regexp@0.1.7
22 silly currentTree ├─┬ path-type@1.1.0
22 silly currentTree │ └── graceful-fs@4.1.3
22 silly currentTree ├── pbkdf2-compat@2.0.1
22 silly currentTree ├── pify@2.3.0
22 silly currentTree ├── pinkie-promise@2.0.0
22 silly currentTree ├── pinkie@2.0.4
22 silly currentTree ├── postcss-calc@5.2.0
22 silly currentTree ├── postcss-colormin@2.2.0
22 silly currentTree ├── postcss-convert-values@2.3.4
22 silly currentTree ├── postcss-discard-comments@2.0.4
22 silly currentTree ├── postcss-discard-duplicates@2.0.1
22 silly currentTree ├── postcss-discard-empty@2.0.1
22 silly currentTree ├── postcss-discard-unused@2.2.1
22 silly currentTree ├── postcss-filter-plugins@2.0.0
22 silly currentTree ├── postcss-loader@0.8.2
22 silly currentTree ├── postcss-merge-idents@2.1.5
22 silly currentTree ├── postcss-merge-longhand@2.0.1
22 silly currentTree ├── postcss-merge-rules@2.0.6
22 silly currentTree ├── postcss-message-helpers@2.0.0
22 silly currentTree ├── postcss-minify-font-values@1.0.3
22 silly currentTree ├── postcss-minify-gradients@1.0.1
22 silly currentTree ├── postcss-minify-params@1.0.4
22 silly currentTree ├── postcss-minify-selectors@2.0.4
22 silly currentTree ├── postcss-modules-extract-imports@1.0.0
22 silly currentTree ├── postcss-modules-local-by-default@1.0.1
22 silly currentTree ├── postcss-modules-scope@1.0.0
22 silly currentTree ├── postcss-modules-values@1.1.2
22 silly currentTree ├── postcss-normalize-charset@1.1.0
22 silly currentTree ├── postcss-normalize-url@3.0.7
22 silly currentTree ├── postcss-ordered-values@2.1.0
22 silly currentTree ├── postcss-reduce-idents@2.3.0
22 silly currentTree ├── postcss-reduce-transforms@1.0.3
22 silly currentTree ├── postcss-selector-parser@1.3.3
22 silly currentTree ├── postcss-svgo@2.1.2
22 silly currentTree ├── postcss-unique-selectors@2.0.2
22 silly currentTree ├── postcss-value-parser@3.3.0
22 silly currentTree ├── postcss-zindex@2.1.0
22 silly currentTree ├── postcss@5.0.19
22 silly currentTree ├── prepend-http@1.0.3
22 silly currentTree ├── preserve@0.2.0
22 silly currentTree ├── process-nextick-args@1.0.6
22 silly currentTree ├── process@0.11.2
22 silly currentTree ├── proto-list@1.2.4
22 silly currentTree ├── proxy-addr@1.0.10
22 silly currentTree ├── prr@0.0.0
22 silly currentTree ├── pseudomap@1.0.2
22 silly currentTree ├── punycode@1.4.1
22 silly currentTree ├── q@1.4.1
22 silly currentTree ├── qs@4.0.0
22 silly currentTree ├── query-string@3.0.3
22 silly currentTree ├── querystring-es3@0.2.1
22 silly currentTree ├── querystring@0.2.0
22 silly currentTree ├── querystringify@0.0.3
22 silly currentTree ├── randomatic@1.1.5
22 silly currentTree ├── range-parser@1.0.3
22 silly currentTree ├─┬ raw-body@2.1.6
22 silly currentTree │ ├── bytes@2.3.0
22 silly currentTree │ └── iconv-lite@0.4.13
22 silly currentTree ├── read-pkg-up@1.0.1
22 silly currentTree ├── read-pkg@1.1.0
22 silly currentTree ├── readable-stream@2.0.6
22 silly currentTree ├─┬ readdirp@2.0.0
22 silly currentTree │ ├── graceful-fs@4.1.3
22 silly currentTree │ └── minimatch@2.0.10
22 silly currentTree ├── redent@1.0.0
22 silly currentTree ├── reduce-css-calc@1.2.1
22 silly currentTree ├── reduce-function-call@1.0.1
22 silly currentTree ├── regex-cache@0.4.3
22 silly currentTree ├── repeat-element@1.1.2
22 silly currentTree ├── repeat-string@1.5.4
22 silly currentTree ├── repeating@2.0.0
22 silly currentTree ├─┬ request@2.70.0
22 silly currentTree │ └── qs@6.1.0
22 silly currentTree ├── requires-port@1.0.0
22 silly currentTree ├── right-align@0.1.3
22 silly currentTree ├─┬ rimraf@2.5.2
22 silly currentTree │ ├── glob@7.0.3
22 silly currentTree │ └── minimatch@3.0.0
22 silly currentTree ├── ripemd160@0.2.0
22 silly currentTree ├─┬ sass-graph@2.1.1
22 silly currentTree │ ├── glob@6.0.4
22 silly currentTree │ ├── lodash@4.8.2
22 silly currentTree │ └── minimatch@3.0.0
22 silly currentTree ├── sass-loader@3.2.0
22 silly currentTree ├── sax@1.2.1
22 silly currentTree ├── semver@5.1.0
22 silly currentTree ├─┬ send@0.13.1
22 silly currentTree │ └── depd@1.1.0
22 silly currentTree ├── serve-favicon@2.3.0
22 silly currentTree ├── serve-index@1.7.3
22 silly currentTree ├── serve-static@1.10.2
22 silly currentTree ├── sha.js@2.2.6
22 silly currentTree ├── sigmund@1.0.1
22 silly currentTree ├── signal-exit@2.1.2
22 silly currentTree ├── sntp@1.0.9
22 silly currentTree ├─┬ sockjs-client@1.0.3
22 silly currentTree │ └── faye-websocket@0.7.3
22 silly currentTree ├── sockjs@0.3.16
22 silly currentTree ├── sort-keys@1.1.1
22 silly currentTree ├── source-list-map@0.1.6
22 silly currentTree ├── source-map@0.5.3
22 silly currentTree ├── spawn-sync@1.0.15
22 silly currentTree ├── spdx-correct@1.0.2
22 silly currentTree ├── spdx-exceptions@1.0.4
22 silly currentTree ├── spdx-expression-parse@1.0.2
22 silly currentTree ├── spdx-license-ids@1.2.0
22 silly currentTree ├── sprintf-js@1.0.3
22 silly currentTree ├─┬ sql-ddl-sync@0.3.11
22 silly currentTree │ └── lodash@2.4.1
22 silly currentTree ├── sql-query@0.1.26
22 silly currentTree ├── sshpk@1.7.4
22 silly currentTree ├── statuses@1.2.1
22 silly currentTree ├─┬ stream-browserify@1.0.0
22 silly currentTree │ ├── isarray@0.0.1
22 silly currentTree │ └── readable-stream@1.1.13
22 silly currentTree ├── stream-cache@0.0.2
22 silly currentTree ├── strict-uri-encode@1.1.0
22 silly currentTree ├── string_decoder@0.10.31
22 silly currentTree ├── string-width@1.0.1
22 silly currentTree ├── stringstream@0.0.5
22 silly currentTree ├── strip-ansi@3.0.1
22 silly currentTree ├── strip-bom@2.0.0
22 silly currentTree ├── strip-indent@1.0.1
22 silly currentTree ├── style-loader@0.13.1
22 silly currentTree ├── supports-color@3.1.2
22 silly currentTree ├── svgo@0.6.4
22 silly currentTree ├── tapable@0.1.10
22 silly currentTree ├── tar@2.2.1
22 silly currentTree ├── timers-browserify@1.4.2
22 silly currentTree ├── tough-cookie@2.2.2
22 silly currentTree ├── trim-newlines@1.0.0
22 silly currentTree ├── tty-browserify@0.0.0
22 silly currentTree ├── tunnel-agent@0.4.2
22 silly currentTree ├── tweetnacl@0.14.3
22 silly currentTree ├── type-is@1.6.12
22 silly currentTree ├── typedarray@0.0.6
22 silly currentTree ├─┬ uglify-js@2.6.2
22 silly currentTree │ ├── async@0.2.10
22 silly currentTree │ ├── camelcase@1.2.1
22 silly currentTree │ ├── cliui@2.1.0
22 silly currentTree │ ├── window-size@0.1.0
22 silly currentTree │ ├── wordwrap@0.0.2
22 silly currentTree │ └── yargs@3.10.0
22 silly currentTree ├── uglify-to-browserify@1.0.2
22 silly currentTree ├── uid-number@0.0.5
22 silly currentTree ├── uniq@1.0.1
22 silly currentTree ├── uniqid@1.0.0
22 silly currentTree ├── uniqs@2.0.0
22 silly currentTree ├── unpipe@1.0.0
22 silly currentTree ├── url-parse@1.1.1
22 silly currentTree ├─┬ url@0.10.3
22 silly currentTree │ └── punycode@1.3.2
22 silly currentTree ├── util-deprecate@1.0.2
22 silly currentTree ├── util@0.10.3
22 silly currentTree ├── utils-merge@1.0.0
22 silly currentTree ├── validate-npm-package-license@3.0.1
22 silly currentTree ├── vary@1.0.1
22 silly currentTree ├── verror@1.3.6
22 silly currentTree ├── vm-browserify@0.0.4
22 silly currentTree ├─┬ watchpack@0.2.9
22 silly currentTree │ ├── async@0.9.2
22 silly currentTree │ └── graceful-fs@4.1.3
22 silly currentTree ├─┬ webpack-core@0.6.8
22 silly currentTree │ └── source-map@0.4.4
22 silly currentTree ├── webpack-dev-middleware@1.6.1
22 silly currentTree ├── webpack-dev-server@1.14.1
22 silly currentTree ├── webpack@1.12.14
22 silly currentTree ├── websocket-driver@0.6.4
22 silly currentTree ├── websocket-extensions@0.1.1
22 silly currentTree ├── whet.extend@0.9.9
22 silly currentTree ├── which@1.2.4
22 silly currentTree ├── window-size@0.1.4
22 silly currentTree ├── wordwrap@0.0.3
22 silly currentTree ├── wrap-ansi@2.0.0
22 silly currentTree ├── wrappy@1.0.1
22 silly currentTree ├── xtend@4.0.1
22 silly currentTree ├── y18n@3.2.1
22 silly currentTree ├── yallist@2.0.0
22 silly currentTree └── yargs@3.32.0
23 silly idealTree Thrones@0.0.0
23 silly idealTree ├── abbrev@1.0.7
23 silly idealTree ├── accepts@1.2.13
23 silly idealTree ├── align-text@0.1.4
23 silly idealTree ├── alphanum-sort@1.0.2
23 silly idealTree ├── amdefine@1.0.0
23 silly idealTree ├── ansi-regex@2.0.0
23 silly idealTree ├── ansi-styles@2.2.1
23 silly idealTree ├── ansi@0.3.1
23 silly idealTree ├── anymatch@1.3.0
23 silly idealTree ├── are-we-there-yet@1.1.2
23 silly idealTree ├── argparse@1.0.7
23 silly idealTree ├── arr-diff@2.0.0
23 silly idealTree ├── arr-flatten@1.0.1
23 silly idealTree ├── array-find-index@1.0.1
23 silly idealTree ├── array-flatten@1.1.1
23 silly idealTree ├── array-index@1.0.0
23 silly idealTree ├── array-unique@0.2.1
23 silly idealTree ├── arrify@1.0.1
23 silly idealTree ├── art-template@3.0.3
23 silly idealTree ├── asn1@0.2.3
23 silly idealTree ├── assert-plus@0.2.0
23 silly idealTree ├── assert@1.3.0
23 silly idealTree ├── async-each@1.0.0
23 silly idealTree ├── async-foreach@0.1.3
23 silly idealTree ├── async@1.5.2
23 silly idealTree ├── autoprefixer@6.3.6
23 silly idealTree ├── aws-sign2@0.6.0
23 silly idealTree ├── aws4@1.3.2
23 silly idealTree ├── balanced-match@0.1.0
23 silly idealTree ├── base64-js@0.0.8
23 silly idealTree ├── Base64@0.2.1
23 silly idealTree ├── basic-auth@1.0.3
23 silly idealTree ├── batch@0.5.3
23 silly idealTree ├── big.js@3.1.3
23 silly idealTree ├── bignumber.js@2.1.4
23 silly idealTree ├── binary-extensions@1.4.0
23 silly idealTree ├── bl@1.1.2
23 silly idealTree ├── block-stream@0.0.8
23 silly idealTree ├── body-parser@1.13.3
23 silly idealTree ├── boom@2.10.1
23 silly idealTree ├─┬ brace-expansion@1.1.3
23 silly idealTree │ └── balanced-match@0.3.0
23 silly idealTree ├── braces@1.8.3
23 silly idealTree ├── browserify-zlib@0.1.4
23 silly idealTree ├── browserslist@1.3.1
23 silly idealTree ├── buffer@3.6.0
23 silly idealTree ├── builtin-modules@1.1.1
23 silly idealTree ├── bytes@2.1.0
23 silly idealTree ├── camelcase-keys@2.1.0
23 silly idealTree ├── camelcase@2.1.1
23 silly idealTree ├── caniuse-db@1.0.30000449
23 silly idealTree ├── caseless@0.11.0
23 silly idealTree ├── center-align@0.1.3
23 silly idealTree ├─┬ chalk@1.1.1
23 silly idealTree │ └── supports-color@2.0.0
23 silly idealTree ├── chokidar@1.4.3
23 silly idealTree ├── clap@1.1.0
23 silly idealTree ├── cliui@3.1.2
23 silly idealTree ├── clone@1.0.2
23 silly idealTree ├── coa@1.0.1
23 silly idealTree ├── code-point-at@1.0.0
23 silly idealTree ├── color-convert@0.5.3
23 silly idealTree ├── color-name@1.1.1
23 silly idealTree ├── color-string@0.3.0
23 silly idealTree ├── color@0.11.1
23 silly idealTree ├── colormin@1.1.0
23 silly idealTree ├── colors@1.1.2
23 silly idealTree ├── combined-stream@1.0.5
23 silly idealTree ├── commander@2.9.0
23 silly idealTree ├── compressible@2.0.7
23 silly idealTree ├─┬ compression@1.6.1
23 silly idealTree │ ├── accepts@1.3.2
23 silly idealTree │ ├── bytes@2.2.0
23 silly idealTree │ ├── negotiator@0.6.0
23 silly idealTree │ └── vary@1.1.0
23 silly idealTree ├── concat-map@0.0.1
23 silly idealTree ├── concat-stream@1.5.1
23 silly idealTree ├── config-chain@1.1.10
23 silly idealTree ├── connect-history-api-fallback@1.1.0
23 silly idealTree ├── console-browserify@1.1.0
23 silly idealTree ├── constants-browserify@0.0.1
23 silly idealTree ├── content-disposition@0.5.1
23 silly idealTree ├── content-type@1.0.1
23 silly idealTree ├── cookie-parser@1.3.5
23 silly idealTree ├── cookie-signature@1.0.6
23 silly idealTree ├── cookie@0.1.3
23 silly idealTree ├── core-util-is@1.0.2
23 silly idealTree ├── cross-spawn-async@2.2.1
23 silly idealTree ├── cross-spawn@2.2.0
23 silly idealTree ├── cryptiles@2.0.5
23 silly idealTree ├── crypto-browserify@3.2.8
23 silly idealTree ├── css-color-names@0.0.3
23 silly idealTree ├── css-loader@0.23.1
23 silly idealTree ├── css-selector-tokenizer@0.5.4
23 silly idealTree ├── cssesc@0.1.0
23 silly idealTree ├── cssnano@3.5.2
23 silly idealTree ├── csso@1.8.1
23 silly idealTree ├── d@0.1.1
23 silly idealTree ├─┬ dashdash@1.13.0
23 silly idealTree │ └── assert-plus@1.0.0
23 silly idealTree ├── date-now@0.1.4
23 silly idealTree ├── debug@2.2.0
23 silly idealTree ├── decamelize@1.2.0
23 silly idealTree ├── defined@1.0.0
23 silly idealTree ├── delayed-stream@1.0.0
23 silly idealTree ├── delegates@1.0.0
23 silly idealTree ├── depd@1.0.1
23 silly idealTree ├── destroy@1.0.4
23 silly idealTree ├── domain-browser@1.1.7
23 silly idealTree ├── ecc-jsbn@0.1.1
23 silly idealTree ├── ee-first@1.1.1
23 silly idealTree ├── enforce@0.1.6
23 silly idealTree ├─┬ enhanced-resolve@0.9.1
23 silly idealTree │ ├── graceful-fs@4.1.3
23 silly idealTree │ └── memory-fs@0.2.0
23 silly idealTree ├── errno@0.1.4
23 silly idealTree ├── error-ex@1.3.0
23 silly idealTree ├── es5-ext@0.10.11
23 silly idealTree ├── es6-iterator@2.0.0
23 silly idealTree ├── es6-symbol@3.0.2
23 silly idealTree ├── escape-html@1.0.3
23 silly idealTree ├── escape-string-regexp@1.0.5
23 silly idealTree ├── esprima@2.7.2
23 silly idealTree ├── etag@1.7.0
23 silly idealTree ├── eventemitter3@1.2.0
23 silly idealTree ├── events@1.1.0
23 silly idealTree ├── eventsource@0.1.6
23 silly idealTree ├── expand-brackets@0.1.5
23 silly idealTree ├── expand-range@1.8.1
23 silly idealTree ├─┬ express@4.13.4
23 silly idealTree │ ├── cookie@0.1.5
23 silly idealTree │ └── depd@1.1.0
23 silly idealTree ├── extend@3.0.0
23 silly idealTree ├── extglob@0.3.2
23 silly idealTree ├── extsprintf@1.0.2
23 silly idealTree ├── fastparse@1.1.1
23 silly idealTree ├── faye-websocket@0.10.0
23 silly idealTree ├── filename-regex@2.0.0
23 silly idealTree ├── fill-range@2.2.3
23 silly idealTree ├── finalhandler@0.4.1
23 silly idealTree ├── find-up@1.1.2
23 silly idealTree ├── flatten@1.0.2
23 silly idealTree ├── for-in@0.1.5
23 silly idealTree ├── for-own@0.1.4
23 silly idealTree ├── forever-agent@0.6.1
23 silly idealTree ├── form-data@1.0.0-rc4
23 silly idealTree ├── forwarded@0.1.0
23 silly idealTree ├── fresh@0.3.0
23 silly idealTree ├─┬ fsevents@1.0.11
23 silly idealTree │ ├── ansi-regex@2.0.0
23 silly idealTree │ ├── ansi-styles@2.2.1
23 silly idealTree │ ├── ansi@0.3.1
23 silly idealTree │ ├── are-we-there-yet@1.1.2
23 silly idealTree │ ├── asn1@0.2.3
23 silly idealTree │ ├── assert-plus@0.2.0
23 silly idealTree │ ├── async@1.5.2
23 silly idealTree │ ├── aws-sign2@0.6.0
23 silly idealTree │ ├─┬ aws4@1.3.2
23 silly idealTree │ │ └─┬ lru-cache@4.0.1
23 silly idealTree │ │   ├── pseudomap@1.0.2
23 silly idealTree │ │   └── yallist@2.0.0
23 silly idealTree │ ├── bl@1.0.3
23 silly idealTree │ ├── block-stream@0.0.8
23 silly idealTree │ ├── boom@2.10.1
23 silly idealTree │ ├── caseless@0.11.0
23 silly idealTree │ ├── chalk@1.1.3
23 silly idealTree │ ├── combined-stream@1.0.5
23 silly idealTree │ ├── commander@2.9.0
23 silly idealTree │ ├── core-util-is@1.0.2
23 silly idealTree │ ├── cryptiles@2.0.5
23 silly idealTree │ ├─┬ dashdash@1.13.0
23 silly idealTree │ │ └── assert-plus@1.0.0
23 silly idealTree │ ├── debug@2.2.0
23 silly idealTree │ ├── deep-extend@0.4.1
23 silly idealTree │ ├── delayed-stream@1.0.0
23 silly idealTree │ ├── delegates@1.0.0
23 silly idealTree │ ├── ecc-jsbn@0.1.1
23 silly idealTree │ ├── escape-string-regexp@1.0.5
23 silly idealTree │ ├── extend@3.0.0
23 silly idealTree │ ├── extsprintf@1.0.2
23 silly idealTree │ ├── forever-agent@0.6.1
23 silly idealTree │ ├── form-data@1.0.0-rc4
23 silly idealTree │ ├─┬ fstream-ignore@1.0.3
23 silly idealTree │ │ └─┬ minimatch@3.0.0
23 silly idealTree │ │   └─┬ brace-expansion@1.1.3
23 silly idealTree │ │     ├── balanced-match@0.3.0
23 silly idealTree │ │     └── concat-map@0.0.1
23 silly idealTree │ ├── fstream@1.0.8
23 silly idealTree │ ├── gauge@1.2.7
23 silly idealTree │ ├── generate-function@2.0.0
23 silly idealTree │ ├── generate-object-property@1.2.0
23 silly idealTree │ ├── graceful-fs@4.1.3
23 silly idealTree │ ├── graceful-readlink@1.0.1
23 silly idealTree │ ├── har-validator@2.0.6
23 silly idealTree │ ├── has-ansi@2.0.0
23 silly idealTree │ ├── has-unicode@2.0.0
23 silly idealTree │ ├── hawk@3.1.3
23 silly idealTree │ ├── hoek@2.16.3
23 silly idealTree │ ├── http-signature@1.1.1
23 silly idealTree │ ├── inherits@2.0.1
23 silly idealTree │ ├── ini@1.3.4
23 silly idealTree │ ├── is-my-json-valid@2.13.1
23 silly idealTree │ ├── is-property@1.0.2
23 silly idealTree │ ├── is-typedarray@1.0.0
23 silly idealTree │ ├── isarray@1.0.0
23 silly idealTree │ ├── isstream@0.1.2
23 silly idealTree │ ├── jodid25519@1.0.2
23 silly idealTree │ ├── jsbn@0.1.0
23 silly idealTree │ ├── json-schema@0.2.2
23 silly idealTree │ ├── json-stringify-safe@5.0.1
23 silly idealTree │ ├── jsonpointer@2.0.0
23 silly idealTree │ ├── jsprim@1.2.2
23 silly idealTree │ ├── lodash.pad@4.1.0
23 silly idealTree │ ├── lodash.padend@4.2.0
23 silly idealTree │ ├── lodash.padstart@4.2.0
23 silly idealTree │ ├── lodash.repeat@4.0.0
23 silly idealTree │ ├── lodash.tostring@4.1.2
23 silly idealTree │ ├── mime-db@1.22.0
23 silly idealTree │ ├── mime-types@2.1.10
23 silly idealTree │ ├── minimist@0.0.8
23 silly idealTree │ ├── mkdirp@0.5.1
23 silly idealTree │ ├── ms@0.7.1
23 silly idealTree │ ├─┬ node-pre-gyp@0.6.25
23 silly idealTree │ │ └─┬ nopt@3.0.6
23 silly idealTree │ │   └── abbrev@1.0.7
23 silly idealTree │ ├── node-uuid@1.4.7
23 silly idealTree │ ├── npmlog@2.0.3
23 silly idealTree │ ├── oauth-sign@0.8.1
23 silly idealTree │ ├── once@1.3.3
23 silly idealTree │ ├── pinkie-promise@2.0.0
23 silly idealTree │ ├── pinkie@2.0.4
23 silly idealTree │ ├── process-nextick-args@1.0.6
23 silly idealTree │ ├── qs@6.0.2
23 silly idealTree │ ├─┬ rc@1.1.6
23 silly idealTree │ │ └── minimist@1.2.0
23 silly idealTree │ ├── readable-stream@2.0.6
23 silly idealTree │ ├── request@2.69.0
23 silly idealTree │ ├─┬ rimraf@2.5.2
23 silly idealTree │ │ └─┬ glob@7.0.3
23 silly idealTree │ │   ├─┬ inflight@1.0.4
23 silly idealTree │ │   │ └── wrappy@1.0.1
23 silly idealTree │ │   ├── inherits@2.0.1
23 silly idealTree │ │   ├─┬ minimatch@3.0.0
23 silly idealTree │ │   │ └─┬ brace-expansion@1.1.3
23 silly idealTree │ │   │   ├── balanced-match@0.3.0
23 silly idealTree │ │   │   └── concat-map@0.0.1
23 silly idealTree │ │   ├─┬ once@1.3.3
23 silly idealTree │ │   │ └── wrappy@1.0.1
23 silly idealTree │ │   └── path-is-absolute@1.0.0
23 silly idealTree │ ├── semver@5.1.0
23 silly idealTree │ ├── sntp@1.0.9
23 silly idealTree │ ├── sshpk@1.7.4
23 silly idealTree │ ├── string_decoder@0.10.31
23 silly idealTree │ ├── stringstream@0.0.5
23 silly idealTree │ ├── strip-ansi@3.0.1
23 silly idealTree │ ├── strip-json-comments@1.0.4
23 silly idealTree │ ├── supports-color@2.0.0
23 silly idealTree │ ├── tar-pack@3.1.3
23 silly idealTree │ ├── tar@2.2.1
23 silly idealTree │ ├── tough-cookie@2.2.2
23 silly idealTree │ ├── tunnel-agent@0.4.2
23 silly idealTree │ ├── tweetnacl@0.14.3
23 silly idealTree │ ├── uid-number@0.0.6
23 silly idealTree │ ├── util-deprecate@1.0.2
23 silly idealTree │ ├── verror@1.3.6
23 silly idealTree │ ├── wrappy@1.0.1
23 silly idealTree │ └── xtend@4.0.1
23 silly idealTree ├─┬ fstream@1.0.8
23 silly idealTree │ └── graceful-fs@4.1.3
23 silly idealTree ├── gauge@1.2.7
23 silly idealTree ├── gaze@0.5.2
23 silly idealTree ├── generate-function@2.0.0
23 silly idealTree ├── generate-object-property@1.2.0
23 silly idealTree ├── get-stdin@4.0.1
23 silly idealTree ├── glob-base@0.3.0
23 silly idealTree ├── glob-parent@2.0.0
23 silly idealTree ├─┬ glob@5.0.15
23 silly idealTree │ └── minimatch@3.0.0
23 silly idealTree ├─┬ globule@0.1.0
23 silly idealTree │ ├── glob@3.1.21
23 silly idealTree │ └── inherits@1.0.2
23 silly idealTree ├── graceful-fs@1.2.3
23 silly idealTree ├── graceful-readlink@1.0.1
23 silly idealTree ├── har-validator@2.0.6
23 silly idealTree ├── has-ansi@2.0.0
23 silly idealTree ├── has-flag@1.0.0
23 silly idealTree ├── has-own@1.0.0
23 silly idealTree ├── has-unicode@2.0.0
23 silly idealTree ├── hat@0.0.3
23 silly idealTree ├── hawk@3.1.3
23 silly idealTree ├── hoek@2.16.3
23 silly idealTree ├── hosted-git-info@2.1.4
23 silly idealTree ├── http-browserify@1.7.0
23 silly idealTree ├── http-errors@1.3.1
23 silly idealTree ├── http-proxy@1.13.2
23 silly idealTree ├── http-signature@1.1.1
23 silly idealTree ├── https-browserify@0.0.0
23 silly idealTree ├── iconv-lite@0.4.11
23 silly idealTree ├── icss-replace-symbols@1.0.2
23 silly idealTree ├── ieee754@1.1.6
23 silly idealTree ├── indent-string@2.1.0
23 silly idealTree ├── indexes-of@1.0.1
23 silly idealTree ├── indexof@0.0.1
23 silly idealTree ├── inflight@1.0.4
23 silly idealTree ├── inherits@2.0.1
23 silly idealTree ├── ini@1.3.4
23 silly idealTree ├── interpret@0.6.6
23 silly idealTree ├── invert-kv@1.0.0
23 silly idealTree ├── ipaddr.js@1.0.5
23 silly idealTree ├── is-absolute-url@2.0.0
23 silly idealTree ├── is-absolute@0.1.7
23 silly idealTree ├── is-arrayish@0.2.1
23 silly idealTree ├── is-binary-path@1.0.1
23 silly idealTree ├── is-buffer@1.1.3
23 silly idealTree ├── is-builtin-module@1.0.0
23 silly idealTree ├── is-dotfile@1.0.2
23 silly idealTree ├── is-equal-shallow@0.1.3
23 silly idealTree ├── is-extendable@0.1.1
23 silly idealTree ├── is-extglob@1.0.0
23 silly idealTree ├── is-finite@1.0.1
23 silly idealTree ├── is-fullwidth-code-point@1.0.0
23 silly idealTree ├── is-glob@2.0.1
23 silly idealTree ├── is-my-json-valid@2.13.1
23 silly idealTree ├── is-number@2.1.0
23 silly idealTree ├── is-plain-obj@1.1.0
23 silly idealTree ├── is-posix-bracket@0.1.1
23 silly idealTree ├── is-primitive@2.0.0
23 silly idealTree ├── is-property@1.0.2
23 silly idealTree ├── is-relative@0.1.3
23 silly idealTree ├── is-svg@1.1.1
23 silly idealTree ├── is-typedarray@1.0.0
23 silly idealTree ├── is-utf8@0.2.1
23 silly idealTree ├── isarray@1.0.0
23 silly idealTree ├── isexe@1.1.2
23 silly idealTree ├─┬ isobject@2.0.0
23 silly idealTree │ └── isarray@0.0.1
23 silly idealTree ├── isstream@0.1.2
23 silly idealTree ├── jodid25519@1.0.2
23 silly idealTree ├── jquery@2.2.3
23 silly idealTree ├── js-base64@2.1.9
23 silly idealTree ├── js-yaml@3.5.5
23 silly idealTree ├── jsbn@0.1.0
23 silly idealTree ├── json-schema@0.2.2
23 silly idealTree ├── json-stringify-safe@5.0.1
23 silly idealTree ├── json3@3.3.2
23 silly idealTree ├── json5@0.4.0
23 silly idealTree ├── jsonpointer@2.0.0
23 silly idealTree ├── jsprim@1.2.2
23 silly idealTree ├── kind-of@3.0.2
23 silly idealTree ├── lazy-cache@1.0.3
23 silly idealTree ├── lcid@1.0.0
23 silly idealTree ├─┬ load-json-file@1.1.0
23 silly idealTree │ └── graceful-fs@4.1.3
23 silly idealTree ├── loader-utils@0.2.13
23 silly idealTree ├── lodash._createcompounder@3.0.0
23 silly idealTree ├── lodash._root@3.0.1
23 silly idealTree ├── lodash.camelcase@3.0.1
23 silly idealTree ├── lodash.deburr@3.2.0
23 silly idealTree ├── lodash.pad@4.2.0
23 silly idealTree ├── lodash.padend@4.3.0
23 silly idealTree ├── lodash.padstart@4.3.0
23 silly idealTree ├── lodash.tostring@4.1.2
23 silly idealTree ├── lodash.words@3.2.0
23 silly idealTree ├── lodash@1.0.2
23 silly idealTree ├── longest@1.0.1
23 silly idealTree ├── loud-rejection@1.3.0
23 silly idealTree ├── lru-cache@4.0.1
23 silly idealTree ├── map-obj@1.0.1
23 silly idealTree ├── media-typer@0.3.0
23 silly idealTree ├── memory-fs@0.3.0
23 silly idealTree ├─┬ meow@3.7.0
23 silly idealTree │ └── minimist@1.2.0
23 silly idealTree ├── merge-descriptors@1.0.1
23 silly idealTree ├── methods@1.1.2
23 silly idealTree ├── micromatch@2.3.7
23 silly idealTree ├── mime-db@1.22.0
23 silly idealTree ├── mime-types@2.1.10
23 silly idealTree ├── mime@1.3.4
23 silly idealTree ├─┬ minimatch@0.2.14
23 silly idealTree │ └── lru-cache@2.7.3
23 silly idealTree ├── minimist@0.0.8
23 silly idealTree ├── mkdirp@0.5.1
23 silly idealTree ├── morgan@1.6.1
23 silly idealTree ├── ms@0.7.1
23 silly idealTree ├─┬ mysql@2.10.2
23 silly idealTree │ ├── isarray@0.0.1
23 silly idealTree │ └── readable-stream@1.1.13
23 silly idealTree ├── nan@2.2.1
23 silly idealTree ├── negotiator@0.5.3
23 silly idealTree ├─┬ node-gyp@3.3.1
23 silly idealTree │ ├─┬ glob@4.5.3
23 silly idealTree │ │ └── minimatch@2.0.10
23 silly idealTree │ ├── graceful-fs@4.1.3
23 silly idealTree │ ├── lru-cache@2.7.3
23 silly idealTree │ └── minimatch@1.0.0
23 silly idealTree ├─┬ node-libs-browser@0.5.3
23 silly idealTree │ ├── isarray@0.0.1
23 silly idealTree │ └── readable-stream@1.1.13
23 silly idealTree ├── node-sass@3.4.2
23 silly idealTree ├── node-uuid@1.4.7
23 silly idealTree ├── nopt@3.0.6
23 silly idealTree ├── normalize-package-data@2.3.5
23 silly idealTree ├── normalize-path@2.0.1
23 silly idealTree ├── normalize-range@0.1.2
23 silly idealTree ├── normalize-url@1.4.1
23 silly idealTree ├─┬ npmconf@2.1.2
23 silly idealTree │ └── semver@4.3.6
23 silly idealTree ├── npmlog@2.0.3
23 silly idealTree ├── num2fraction@1.2.2
23 silly idealTree ├── number-is-nan@1.0.0
23 silly idealTree ├── oauth-sign@0.8.1
23 silly idealTree ├── object-assign@4.0.1
23 silly idealTree ├── object.omit@2.0.0
23 silly idealTree ├── on-finished@2.3.0
23 silly idealTree ├── on-headers@1.0.1
23 silly idealTree ├── once@1.3.3
23 silly idealTree ├── optimist@0.6.1
23 silly idealTree ├─┬ original@1.0.0
23 silly idealTree │ └── url-parse@1.0.5
23 silly idealTree ├─┬ orm@2.1.30
23 silly idealTree │ └── lodash@2.4.1
23 silly idealTree ├── os-browserify@0.1.2
23 silly idealTree ├── os-homedir@1.0.1
23 silly idealTree ├── os-locale@1.4.0
23 silly idealTree ├── os-shim@0.1.3
23 silly idealTree ├── os-tmpdir@1.0.1
23 silly idealTree ├── osenv@0.1.3
23 silly idealTree ├── pako@0.2.8
23 silly idealTree ├── parse-glob@3.0.4
23 silly idealTree ├── parse-json@2.2.0
23 silly idealTree ├── parseurl@1.3.1
23 silly idealTree ├── path-array@1.0.1
23 silly idealTree ├── path-browserify@0.0.0
23 silly idealTree ├── path-exists@2.1.0
23 silly idealTree ├── path-is-absolute@1.0.0
23 silly idealTree ├── path-to-regexp@0.1.7
23 silly idealTree ├─┬ path-type@1.1.0
23 silly idealTree │ └── graceful-fs@4.1.3
23 silly idealTree ├── pbkdf2-compat@2.0.1
23 silly idealTree ├── pify@2.3.0
23 silly idealTree ├── pinkie-promise@2.0.0
23 silly idealTree ├── pinkie@2.0.4
23 silly idealTree ├── postcss-calc@5.2.0
23 silly idealTree ├── postcss-colormin@2.2.0
23 silly idealTree ├── postcss-convert-values@2.3.4
23 silly idealTree ├── postcss-discard-comments@2.0.4
23 silly idealTree ├── postcss-discard-duplicates@2.0.1
23 silly idealTree ├── postcss-discard-empty@2.0.1
23 silly idealTree ├── postcss-discard-unused@2.2.1
23 silly idealTree ├── postcss-filter-plugins@2.0.0
23 silly idealTree ├── postcss-loader@0.8.2
23 silly idealTree ├── postcss-merge-idents@2.1.5
23 silly idealTree ├── postcss-merge-longhand@2.0.1
23 silly idealTree ├── postcss-merge-rules@2.0.6
23 silly idealTree ├── postcss-message-helpers@2.0.0
23 silly idealTree ├── postcss-minify-font-values@1.0.3
23 silly idealTree ├── postcss-minify-gradients@1.0.1
23 silly idealTree ├── postcss-minify-params@1.0.4
23 silly idealTree ├── postcss-minify-selectors@2.0.4
23 silly idealTree ├── postcss-modules-extract-imports@1.0.0
23 silly idealTree ├── postcss-modules-local-by-default@1.0.1
23 silly idealTree ├── postcss-modules-scope@1.0.0
23 silly idealTree ├── postcss-modules-values@1.1.2
23 silly idealTree ├── postcss-normalize-charset@1.1.0
23 silly idealTree ├── postcss-normalize-url@3.0.7
23 silly idealTree ├── postcss-ordered-values@2.1.0
23 silly idealTree ├── postcss-reduce-idents@2.3.0
23 silly idealTree ├── postcss-reduce-transforms@1.0.3
23 silly idealTree ├── postcss-selector-parser@1.3.3
23 silly idealTree ├── postcss-svgo@2.1.2
23 silly idealTree ├── postcss-unique-selectors@2.0.2
23 silly idealTree ├── postcss-value-parser@3.3.0
23 silly idealTree ├── postcss-zindex@2.1.0
23 silly idealTree ├── postcss@5.0.19
23 silly idealTree ├── prepend-http@1.0.3
23 silly idealTree ├── preserve@0.2.0
23 silly idealTree ├── process-nextick-args@1.0.6
23 silly idealTree ├── process@0.11.2
23 silly idealTree ├── proto-list@1.2.4
23 silly idealTree ├── proxy-addr@1.0.10
23 silly idealTree ├── prr@0.0.0
23 silly idealTree ├── pseudomap@1.0.2
23 silly idealTree ├── punycode@1.4.1
23 silly idealTree ├── q@1.4.1
23 silly idealTree ├── qs@4.0.0
23 silly idealTree ├── query-string@3.0.3
23 silly idealTree ├── querystring-es3@0.2.1
23 silly idealTree ├── querystring@0.2.0
23 silly idealTree ├── querystringify@0.0.3
23 silly idealTree ├── randomatic@1.1.5
23 silly idealTree ├── range-parser@1.0.3
23 silly idealTree ├─┬ raw-body@2.1.6
23 silly idealTree │ ├── bytes@2.3.0
23 silly idealTree │ └── iconv-lite@0.4.13
23 silly idealTree ├── read-pkg-up@1.0.1
23 silly idealTree ├── read-pkg@1.1.0
23 silly idealTree ├── readable-stream@2.0.6
23 silly idealTree ├─┬ readdirp@2.0.0
23 silly idealTree │ ├── graceful-fs@4.1.3
23 silly idealTree │ └── minimatch@2.0.10
23 silly idealTree ├── redent@1.0.0
23 silly idealTree ├── reduce-css-calc@1.2.1
23 silly idealTree ├── reduce-function-call@1.0.1
23 silly idealTree ├── regex-cache@0.4.3
23 silly idealTree ├── repeat-element@1.1.2
23 silly idealTree ├── repeat-string@1.5.4
23 silly idealTree ├── repeating@2.0.0
23 silly idealTree ├─┬ request@2.70.0
23 silly idealTree │ └── qs@6.1.0
23 silly idealTree ├── requires-port@1.0.0
23 silly idealTree ├── right-align@0.1.3
23 silly idealTree ├─┬ rimraf@2.5.2
23 silly idealTree │ ├── glob@7.0.3
23 silly idealTree │ └── minimatch@3.0.0
23 silly idealTree ├── ripemd160@0.2.0
23 silly idealTree ├─┬ sass-graph@2.1.1
23 silly idealTree │ ├── glob@6.0.4
23 silly idealTree │ ├── lodash@4.8.2
23 silly idealTree │ └── minimatch@3.0.0
23 silly idealTree ├── sass-loader@3.2.0
23 silly idealTree ├── sax@1.2.1
23 silly idealTree ├── semver@5.1.0
23 silly idealTree ├─┬ send@0.13.1
23 silly idealTree │ └── depd@1.1.0
23 silly idealTree ├── serve-favicon@2.3.0
23 silly idealTree ├── serve-index@1.7.3
23 silly idealTree ├── serve-static@1.10.2
23 silly idealTree ├── sha.js@2.2.6
23 silly idealTree ├── sigmund@1.0.1
23 silly idealTree ├── signal-exit@2.1.2
23 silly idealTree ├── sntp@1.0.9
23 silly idealTree ├─┬ sockjs-client@1.0.3
23 silly idealTree │ └── faye-websocket@0.7.3
23 silly idealTree ├── sockjs@0.3.16
23 silly idealTree ├── sort-keys@1.1.1
23 silly idealTree ├── source-list-map@0.1.6
23 silly idealTree ├── source-map@0.5.3
23 silly idealTree ├── spawn-sync@1.0.15
23 silly idealTree ├── spdx-correct@1.0.2
23 silly idealTree ├── spdx-exceptions@1.0.4
23 silly idealTree ├── spdx-expression-parse@1.0.2
23 silly idealTree ├── spdx-license-ids@1.2.0
23 silly idealTree ├── sprintf-js@1.0.3
23 silly idealTree ├─┬ sql-ddl-sync@0.3.11
23 silly idealTree │ └── lodash@2.4.1
23 silly idealTree ├── sql-query@0.1.26
23 silly idealTree ├── sshpk@1.7.4
23 silly idealTree ├── statuses@1.2.1
23 silly idealTree ├─┬ stream-browserify@1.0.0
23 silly idealTree │ ├── isarray@0.0.1
23 silly idealTree │ └── readable-stream@1.1.13
23 silly idealTree ├── stream-cache@0.0.2
23 silly idealTree ├── strict-uri-encode@1.1.0
23 silly idealTree ├── string_decoder@0.10.31
23 silly idealTree ├── string-width@1.0.1
23 silly idealTree ├── stringstream@0.0.5
23 silly idealTree ├── strip-ansi@3.0.1
23 silly idealTree ├── strip-bom@2.0.0
23 silly idealTree ├── strip-indent@1.0.1
23 silly idealTree ├── style-loader@0.13.1
23 silly idealTree ├── supports-color@3.1.2
23 silly idealTree ├── svgo@0.6.4
23 silly idealTree ├── tapable@0.1.10
23 silly idealTree ├── tar@2.2.1
23 silly idealTree ├── timers-browserify@1.4.2
23 silly idealTree ├── tough-cookie@2.2.2
23 silly idealTree ├── trim-newlines@1.0.0
23 silly idealTree ├── tty-browserify@0.0.0
23 silly idealTree ├── tunnel-agent@0.4.2
23 silly idealTree ├── tweetnacl@0.14.3
23 silly idealTree ├── type-is@1.6.12
23 silly idealTree ├── typedarray@0.0.6
23 silly idealTree ├─┬ uglify-js@2.6.2
23 silly idealTree │ ├── async@0.2.10
23 silly idealTree │ ├── camelcase@1.2.1
23 silly idealTree │ ├── cliui@2.1.0
23 silly idealTree │ ├── window-size@0.1.0
23 silly idealTree │ ├── wordwrap@0.0.2
23 silly idealTree │ └── yargs@3.10.0
23 silly idealTree ├── uglify-to-browserify@1.0.2
23 silly idealTree ├── uid-number@0.0.5
23 silly idealTree ├── uniq@1.0.1
23 silly idealTree ├── uniqid@1.0.0
23 silly idealTree ├── uniqs@2.0.0
23 silly idealTree ├── unpipe@1.0.0
23 silly idealTree ├── url-parse@1.1.1
23 silly idealTree ├─┬ url@0.10.3
23 silly idealTree │ └── punycode@1.3.2
23 silly idealTree ├── util-deprecate@1.0.2
23 silly idealTree ├── util@0.10.3
23 silly idealTree ├── utils-merge@1.0.0
23 silly idealTree ├── validate-npm-package-license@3.0.1
23 silly idealTree ├── vary@1.0.1
23 silly idealTree ├── verror@1.3.6
23 silly idealTree ├── vm-browserify@0.0.4
23 silly idealTree ├─┬ watchpack@0.2.9
23 silly idealTree │ ├── async@0.9.2
23 silly idealTree │ └── graceful-fs@4.1.3
23 silly idealTree ├─┬ webpack-core@0.6.8
23 silly idealTree │ └── source-map@0.4.4
23 silly idealTree ├── webpack-dev-middleware@1.6.1
23 silly idealTree ├── webpack-dev-server@1.14.1
23 silly idealTree ├── webpack@1.12.14
23 silly idealTree ├── websocket-driver@0.6.4
23 silly idealTree ├── websocket-extensions@0.1.1
23 silly idealTree ├── whet.extend@0.9.9
23 silly idealTree ├── which@1.2.4
23 silly idealTree ├── window-size@0.1.4
23 silly idealTree ├── wordwrap@0.0.3
23 silly idealTree ├── wrap-ansi@2.0.0
23 silly idealTree ├── wrappy@1.0.1
23 silly idealTree ├── xtend@4.0.1
23 silly idealTree ├── y18n@3.2.1
23 silly idealTree ├── yallist@2.0.0
23 silly idealTree └── yargs@3.32.0
24 silly generateActionsToTake Starting
25 silly install generateActionsToTake
26 warn checkPermissions Missing write access to /Users/qiangzi/work/auth/Thrones/node_modules
27 silly rollbackFailedOptional Starting
28 silly rollbackFailedOptional Finishing
29 silly runTopLevelLifecycles Starting
30 silly runTopLevelLifecycles Finishing
31 silly install printInstalled
32 verbose stack Error: EACCES: permission denied, access '/Users/qiangzi/work/auth/Thrones/node_modules'
32 verbose stack     at Error (native)
33 verbose cwd /Users/qiangzi/work/auth/Thrones
34 error Darwin 15.0.0
35 error argv "/usr/local/bin/node" "/usr/local/bin/npm" "install"
36 error node v5.6.0
37 error npm  v3.6.0
38 error path /Users/qiangzi/work/auth/Thrones/node_modules
39 error code EACCES
40 error errno -13
41 error syscall access
42 error Error: EACCES: permission denied, access '/Users/qiangzi/work/auth/Thrones/node_modules'
42 error     at Error (native)
42 error  { [Error: EACCES: permission denied, access '/Users/qiangzi/work/auth/Thrones/node_modules']
42 error   errno: -13,
42 error   code: 'EACCES',
42 error   syscall: 'access',
42 error   path: '/Users/qiangzi/work/auth/Thrones/node_modules' }
43 error Please try running this command again as root/Administrator.
44 verbose exit [ -13, true ]
